<?xml version="1.0" encoding="UTF-8"?>
<coverage generated="1637853103969" clover="3.2.0">
  <project timestamp="1637853103970" name="All files">
    <metrics statements="164" coveredstatements="164" conditionals="102" coveredconditionals="95" methods="27" coveredmethods="27" elements="293" coveredelements="286" complexity="0" loc="164" ncloc="164" packages="2" files="2" classes="2"/>
    <package name="helpers">
      <metrics statements="5" coveredstatements="5" conditionals="2" coveredconditionals="1" methods="1" coveredmethods="1"/>
      <file name="createElement.ts" path="C:\Users\Ольга\Documents\Учеба\Верстка\FSD_4\src\view\helpers\createElement.ts">
        <metrics statements="5" coveredstatements="5" conditionals="2" coveredconditionals="1" methods="1" coveredmethods="1"/>
        <line num="2" count="996" type="stmt"/>
        <line num="3" count="996" type="cond" truecount="1" falsecount="1"/>
        <line num="4" count="996" type="stmt"/>
        <line num="7" count="996" type="stmt"/>
        <line num="10" count="1" type="stmt"/>
      </file>
    </package>
    <package name="subviews.panel">
      <metrics statements="159" coveredstatements="159" conditionals="100" coveredconditionals="94" methods="26" coveredmethods="26"/>
      <file name="panel.ts" path="C:\Users\Ольга\Documents\Учеба\Верстка\FSD_4\src\view\subviews\panel\panel.ts">
        <metrics statements="159" coveredstatements="159" conditionals="100" coveredconditionals="94" methods="26" coveredmethods="26"/>
        <line num="1" count="1" type="stmt"/>
        <line num="45" count="28" type="stmt"/>
        <line num="46" count="28" type="stmt"/>
        <line num="48" count="28" type="stmt"/>
        <line num="49" count="28" type="stmt"/>
        <line num="50" count="28" type="stmt"/>
        <line num="51" count="28" type="stmt"/>
        <line num="52" count="28" type="stmt"/>
        <line num="54" count="28" type="stmt"/>
        <line num="55" count="28" type="stmt"/>
        <line num="56" count="28" type="stmt"/>
        <line num="57" count="28" type="stmt"/>
        <line num="58" count="28" type="stmt"/>
        <line num="59" count="28" type="stmt"/>
        <line num="61" count="28" type="stmt"/>
        <line num="62" count="28" type="stmt"/>
        <line num="66" count="16" type="stmt"/>
        <line num="70" count="30" type="stmt"/>
        <line num="71" count="30" type="stmt"/>
        <line num="72" count="30" type="stmt"/>
        <line num="88" count="330" type="stmt"/>
        <line num="89" count="330" type="stmt"/>
        <line num="90" count="330" type="stmt"/>
        <line num="92" count="330" type="cond" truecount="2" falsecount="0"/>
        <line num="93" count="150" type="stmt"/>
        <line num="96" count="330" type="stmt"/>
        <line num="98" count="330" type="cond" truecount="2" falsecount="0"/>
        <line num="99" count="150" type="stmt"/>
        <line num="100" count="150" type="stmt"/>
        <line num="102" count="180" type="stmt"/>
        <line num="103" count="180" type="stmt"/>
        <line num="106" count="330" type="stmt"/>
        <line num="110" count="330" type="stmt"/>
        <line num="111" count="330" type="stmt"/>
        <line num="113" count="330" type="stmt"/>
        <line num="117" count="30" type="stmt"/>
        <line num="118" count="30" type="stmt"/>
        <line num="119" count="30" type="stmt"/>
        <line num="120" count="30" type="stmt"/>
        <line num="121" count="30" type="stmt"/>
        <line num="122" count="30" type="stmt"/>
        <line num="123" count="30" type="stmt"/>
        <line num="124" count="30" type="stmt"/>
        <line num="125" count="30" type="stmt"/>
        <line num="126" count="30" type="stmt"/>
        <line num="127" count="30" type="stmt"/>
        <line num="131" count="30" type="stmt"/>
        <line num="132" count="30" type="stmt"/>
        <line num="133" count="30" type="stmt"/>
        <line num="134" count="30" type="stmt"/>
        <line num="135" count="30" type="stmt"/>
        <line num="136" count="30" type="stmt"/>
        <line num="137" count="30" type="stmt"/>
        <line num="138" count="30" type="stmt"/>
        <line num="139" count="30" type="stmt"/>
        <line num="140" count="30" type="stmt"/>
        <line num="141" count="30" type="stmt"/>
        <line num="145" count="1" type="stmt"/>
        <line num="146" count="1" type="stmt"/>
        <line num="147" count="1" type="stmt"/>
        <line num="148" count="1" type="stmt"/>
        <line num="149" count="1" type="stmt"/>
        <line num="150" count="1" type="stmt"/>
        <line num="151" count="1" type="stmt"/>
        <line num="152" count="1" type="stmt"/>
        <line num="153" count="1" type="stmt"/>
        <line num="154" count="1" type="stmt"/>
        <line num="155" count="1" type="stmt"/>
        <line num="157" count="1" type="stmt"/>
        <line num="161" count="7" type="stmt"/>
        <line num="162" count="7" type="cond" truecount="2" falsecount="0"/>
        <line num="164" count="7" type="stmt"/>
        <line num="165" count="7" type="stmt"/>
        <line num="167" count="7" type="stmt"/>
        <line num="168" count="7" type="stmt"/>
        <line num="170" count="7" type="stmt"/>
        <line num="171" count="7" type="cond" truecount="2" falsecount="0"/>
        <line num="173" count="7" type="stmt"/>
        <line num="174" count="7" type="stmt"/>
        <line num="176" count="7" type="cond" truecount="2" falsecount="0"/>
        <line num="177" count="4" type="stmt"/>
        <line num="180" count="7" type="stmt"/>
        <line num="182" count="7" type="cond" truecount="2" falsecount="0"/>
        <line num="183" count="1" type="stmt"/>
        <line num="188" count="2" type="stmt"/>
        <line num="189" count="2" type="stmt"/>
        <line num="193" count="1" type="stmt"/>
        <line num="194" count="1" type="stmt"/>
        <line num="198" count="1" type="stmt"/>
        <line num="202" count="6" type="stmt"/>
        <line num="204" count="6" type="stmt"/>
        <line num="206" count="6" type="cond" truecount="6" falsecount="0"/>
        <line num="207" count="2" type="stmt"/>
        <line num="210" count="6" type="cond" truecount="6" falsecount="0"/>
        <line num="211" count="4" type="stmt"/>
        <line num="216" count="5" type="stmt"/>
        <line num="218" count="5" type="stmt"/>
        <line num="219" count="5" type="stmt"/>
        <line num="223" count="3" type="stmt"/>
        <line num="224" count="3" type="stmt"/>
        <line num="226" count="3" type="cond" truecount="2" falsecount="0"/>
        <line num="227" count="1" type="stmt"/>
        <line num="230" count="3" type="cond" truecount="4" falsecount="0"/>
        <line num="234" count="6" type="stmt"/>
        <line num="236" count="6" type="cond" truecount="6" falsecount="0"/>
        <line num="237" count="4" type="stmt"/>
        <line num="239" count="4" type="cond" truecount="2" falsecount="0"/>
        <line num="240" count="1" type="stmt"/>
        <line num="244" count="6" type="cond" truecount="6" falsecount="0"/>
        <line num="245" count="2" type="stmt"/>
        <line num="247" count="2" type="cond" truecount="2" falsecount="0"/>
        <line num="248" count="1" type="stmt"/>
        <line num="252" count="6" type="cond" truecount="4" falsecount="0"/>
        <line num="253" count="6" type="stmt"/>
        <line num="257" count="3" type="stmt"/>
        <line num="259" count="3" type="cond" truecount="2" falsecount="0"/>
        <line num="260" count="1" type="stmt"/>
        <line num="263" count="3" type="cond" truecount="2" falsecount="0"/>
        <line num="264" count="1" type="stmt"/>
        <line num="267" count="3" type="cond" truecount="4" falsecount="0"/>
        <line num="271" count="4" type="stmt"/>
        <line num="273" count="4" type="cond" truecount="2" falsecount="0"/>
        <line num="274" count="2" type="stmt"/>
        <line num="277" count="4" type="cond" truecount="2" falsecount="0"/>
        <line num="278" count="1" type="stmt"/>
        <line num="281" count="4" type="cond" truecount="4" falsecount="0"/>
        <line num="282" count="4" type="stmt"/>
        <line num="286" count="4" type="stmt"/>
        <line num="288" count="4" type="cond" truecount="2" falsecount="0"/>
        <line num="289" count="1" type="stmt"/>
        <line num="292" count="4" type="cond" truecount="2" falsecount="0"/>
        <line num="293" count="1" type="stmt"/>
        <line num="296" count="4" type="cond" truecount="4" falsecount="0"/>
        <line num="297" count="4" type="stmt"/>
        <line num="301" count="1" type="cond" truecount="3" falsecount="1"/>
        <line num="305" count="2" type="cond" truecount="3" falsecount="1"/>
        <line num="307" count="2" type="stmt"/>
        <line num="308" count="2" type="stmt"/>
        <line num="312" count="2" type="cond" truecount="3" falsecount="1"/>
        <line num="314" count="2" type="stmt"/>
        <line num="315" count="2" type="stmt"/>
        <line num="319" count="2" type="stmt"/>
        <line num="321" count="2" type="cond" truecount="2" falsecount="0"/>
        <line num="322" count="1" type="stmt"/>
        <line num="325" count="2" type="cond" truecount="3" falsecount="1"/>
        <line num="329" count="1" type="cond" truecount="3" falsecount="1"/>
        <line num="333" count="1" type="cond" truecount="3" falsecount="1"/>
        <line num="337" count="28" type="stmt"/>
        <line num="338" count="28" type="stmt"/>
        <line num="339" count="28" type="stmt"/>
        <line num="340" count="28" type="stmt"/>
        <line num="341" count="28" type="stmt"/>
        <line num="342" count="28" type="stmt"/>
        <line num="343" count="28" type="stmt"/>
        <line num="344" count="28" type="stmt"/>
        <line num="345" count="28" type="stmt"/>
        <line num="346" count="28" type="stmt"/>
        <line num="347" count="28" type="stmt"/>
        <line num="351" count="1" type="stmt"/>
      </file>
    </package>
  </project>
</coverage>
