<?xml version="1.0" encoding="UTF-8"?>
<coverage generated="1620057164452" clover="3.2.0">
  <project timestamp="1620057164452" name="All files">
    <metrics statements="11" coveredstatements="11" conditionals="15" coveredconditionals="15" methods="3" coveredmethods="3" elements="29" coveredelements="29" complexity="0" loc="11" ncloc="11" packages="1" files="1" classes="1"/>
    <file name="slider.js" path="C:\Users\Ольга\Documents\Учеба\Верстка\FSD_4\src\slider.js">
      <metrics statements="11" coveredstatements="11" conditionals="15" coveredconditionals="15" methods="3" coveredmethods="3"/>
      <line num="3" count="12" type="cond" truecount="2" falsecount="0"/>
      <line num="4" count="12" type="cond" truecount="2" falsecount="0"/>
      <line num="5" count="12" type="cond" truecount="2" falsecount="0"/>
      <line num="6" count="12" type="cond" truecount="2" falsecount="0"/>
      <line num="7" count="12" type="cond" truecount="2" falsecount="0"/>
      <line num="11" count="3" type="cond" truecount="2" falsecount="0"/>
      <line num="12" count="1" type="stmt"/>
      <line num="14" count="2" type="stmt"/>
      <line num="19" count="3" type="cond" truecount="2" falsecount="0"/>
      <line num="20" count="1" type="stmt"/>
      <line num="22" count="2" type="stmt"/>
    </file>
  </project>
</coverage>
