{"C:\\Users\\Ольга\\Documents\\Учеба\\Верстка\\FSD_4\\src\\model\\model.js": {"path":"C:\\Users\\Ольга\\Documents\\Учеба\\Верстка\\FSD_4\\src\\model\\model.js","statementMap":{"0":{"start":{"line":3,"column":6},"end":{"line":3,"column":34}},"1":{"start":{"line":4,"column":6},"end":{"line":4,"column":36}},"2":{"start":{"line":5,"column":6},"end":{"line":5,"column":47}},"3":{"start":{"line":6,"column":6},"end":{"line":6,"column":36}},"4":{"start":{"line":7,"column":6},"end":{"line":12,"column":7}},"5":{"start":{"line":8,"column":8},"end":{"line":8,"column":51}},"6":{"start":{"line":9,"column":8},"end":{"line":9,"column":28}},"7":{"start":{"line":11,"column":8},"end":{"line":11,"column":29}},"8":{"start":{"line":16,"column":6},"end":{"line":19,"column":7}},"9":{"start":{"line":17,"column":8},"end":{"line":17,"column":34}},"10":{"start":{"line":18,"column":8},"end":{"line":18,"column":15}},"11":{"start":{"line":21,"column":6},"end":{"line":23,"column":7}},"12":{"start":{"line":22,"column":8},"end":{"line":22,"column":51}},"13":{"start":{"line":25,"column":6},"end":{"line":27,"column":7}},"14":{"start":{"line":26,"column":8},"end":{"line":26,"column":58}},"15":{"start":{"line":31,"column":6},"end":{"line":35,"column":7}},"16":{"start":{"line":32,"column":8},"end":{"line":32,"column":35}},"17":{"start":{"line":34,"column":8},"end":{"line":34,"column":58}}},"fnMap":{"0":{"name":"(anonymous_0)","decl":{"start":{"line":2,"column":4},"end":{"line":2,"column":5}},"loc":{"start":{"line":2,"column":30},"end":{"line":13,"column":5}},"line":2},"1":{"name":"(anonymous_1)","decl":{"start":{"line":15,"column":4},"end":{"line":15,"column":5}},"loc":{"start":{"line":15,"column":24},"end":{"line":28,"column":5}},"line":15},"2":{"name":"(anonymous_2)","decl":{"start":{"line":30,"column":4},"end":{"line":30,"column":5}},"loc":{"start":{"line":30,"column":25},"end":{"line":36,"column":5}},"line":30}},"branchMap":{"0":{"loc":{"start":{"line":2,"column":16},"end":{"line":2,"column":28}},"type":"default-arg","locations":[{"start":{"line":2,"column":26},"end":{"line":2,"column":28}}],"line":2},"1":{"loc":{"start":{"line":3,"column":17},"end":{"line":3,"column":33}},"type":"binary-expr","locations":[{"start":{"line":3,"column":17},"end":{"line":3,"column":28}},{"start":{"line":3,"column":32},"end":{"line":3,"column":33}}],"line":3},"2":{"loc":{"start":{"line":4,"column":17},"end":{"line":4,"column":35}},"type":"binary-expr","locations":[{"start":{"line":4,"column":17},"end":{"line":4,"column":28}},{"start":{"line":4,"column":32},"end":{"line":4,"column":35}}],"line":4},"3":{"loc":{"start":{"line":5,"column":23},"end":{"line":5,"column":46}},"type":"binary-expr","locations":[{"start":{"line":5,"column":23},"end":{"line":5,"column":40}},{"start":{"line":5,"column":44},"end":{"line":5,"column":46}}],"line":5},"4":{"loc":{"start":{"line":6,"column":18},"end":{"line":6,"column":35}},"type":"binary-expr","locations":[{"start":{"line":6,"column":18},"end":{"line":6,"column":30}},{"start":{"line":6,"column":34},"end":{"line":6,"column":35}}],"line":6},"5":{"loc":{"start":{"line":7,"column":6},"end":{"line":12,"column":7}},"type":"if","locations":[{"start":{"line":7,"column":6},"end":{"line":12,"column":7}},{"start":{"line":7,"column":6},"end":{"line":12,"column":7}}],"line":7},"6":{"loc":{"start":{"line":8,"column":26},"end":{"line":8,"column":50}},"type":"binary-expr","locations":[{"start":{"line":8,"column":26},"end":{"line":8,"column":44}},{"start":{"line":8,"column":48},"end":{"line":8,"column":50}}],"line":8},"7":{"loc":{"start":{"line":16,"column":6},"end":{"line":19,"column":7}},"type":"if","locations":[{"start":{"line":16,"column":6},"end":{"line":19,"column":7}},{"start":{"line":16,"column":6},"end":{"line":19,"column":7}}],"line":16},"8":{"loc":{"start":{"line":21,"column":6},"end":{"line":23,"column":7}},"type":"if","locations":[{"start":{"line":21,"column":6},"end":{"line":23,"column":7}},{"start":{"line":21,"column":6},"end":{"line":23,"column":7}}],"line":21},"9":{"loc":{"start":{"line":25,"column":6},"end":{"line":27,"column":7}},"type":"if","locations":[{"start":{"line":25,"column":6},"end":{"line":27,"column":7}},{"start":{"line":25,"column":6},"end":{"line":27,"column":7}}],"line":25},"10":{"loc":{"start":{"line":31,"column":6},"end":{"line":35,"column":7}},"type":"if","locations":[{"start":{"line":31,"column":6},"end":{"line":35,"column":7}},{"start":{"line":31,"column":6},"end":{"line":35,"column":7}}],"line":31}},"s":{"0":25,"1":25,"2":25,"3":25,"4":25,"5":10,"6":10,"7":15,"8":4,"9":1,"10":1,"11":3,"12":2,"13":3,"14":1,"15":4,"16":1,"17":3},"f":{"0":25,"1":4,"2":4},"b":{"0":[9],"1":[25,23],"2":[25,22],"3":[25,23],"4":[25,24],"5":[10,15],"6":[10,8],"7":[1,3],"8":[2,1],"9":[1,2],"10":[1,3]},"_coverageSchema":"1a1c01bbd47fc00a2c39e90264f33305004495a9","hash":"310474e5b51c0a5439b077da87b29d9a2374a442"}
,"C:\\Users\\Ольга\\Documents\\Учеба\\Верстка\\FSD_4\\src\\presenter\\presenter.js": {"path":"C:\\Users\\Ольга\\Documents\\Учеба\\Верстка\\FSD_4\\src\\presenter\\presenter.js","statementMap":{"0":{"start":{"line":3,"column":6},"end":{"line":3,"column":25}},"1":{"start":{"line":4,"column":6},"end":{"line":4,"column":23}},"2":{"start":{"line":6,"column":6},"end":{"line":6,"column":34}},"3":{"start":{"line":7,"column":6},"end":{"line":7,"column":34}},"4":{"start":{"line":8,"column":6},"end":{"line":8,"column":41}},"5":{"start":{"line":9,"column":6},"end":{"line":9,"column":31}},"6":{"start":{"line":11,"column":6},"end":{"line":13,"column":7}},"7":{"start":{"line":12,"column":8},"end":{"line":12,"column":45}},"8":{"start":{"line":15,"column":6},"end":{"line":17,"column":7}},"9":{"start":{"line":16,"column":8},"end":{"line":16,"column":65}},"10":{"start":{"line":21,"column":6},"end":{"line":21,"column":37}},"11":{"start":{"line":22,"column":6},"end":{"line":22,"column":51}},"12":{"start":{"line":26,"column":6},"end":{"line":26,"column":38}},"13":{"start":{"line":27,"column":6},"end":{"line":27,"column":53}}},"fnMap":{"0":{"name":"(anonymous_0)","decl":{"start":{"line":2,"column":4},"end":{"line":2,"column":5}},"loc":{"start":{"line":2,"column":29},"end":{"line":18,"column":5}},"line":2},"1":{"name":"(anonymous_1)","decl":{"start":{"line":20,"column":4},"end":{"line":20,"column":5}},"loc":{"start":{"line":20,"column":27},"end":{"line":23,"column":5}},"line":20},"2":{"name":"(anonymous_2)","decl":{"start":{"line":25,"column":4},"end":{"line":25,"column":5}},"loc":{"start":{"line":25,"column":28},"end":{"line":28,"column":5}},"line":25}},"branchMap":{"0":{"loc":{"start":{"line":11,"column":6},"end":{"line":13,"column":7}},"type":"if","locations":[{"start":{"line":11,"column":6},"end":{"line":13,"column":7}},{"start":{"line":11,"column":6},"end":{"line":13,"column":7}}],"line":11},"1":{"loc":{"start":{"line":15,"column":6},"end":{"line":17,"column":7}},"type":"if","locations":[{"start":{"line":15,"column":6},"end":{"line":17,"column":7}},{"start":{"line":15,"column":6},"end":{"line":17,"column":7}}],"line":15}},"s":{"0":9,"1":9,"2":9,"3":9,"4":9,"5":9,"6":9,"7":3,"8":9,"9":1,"10":2,"11":2,"12":2,"13":2},"f":{"0":9,"1":2,"2":2},"b":{"0":[3,6],"1":[1,8]},"_coverageSchema":"1a1c01bbd47fc00a2c39e90264f33305004495a9","hash":"da925b1af170f37296785775852fc64dca440211"}
,"C:\\Users\\Ольга\\Documents\\Учеба\\Верстка\\FSD_4\\src\\view\\view.js": {"path":"C:\\Users\\Ольга\\Documents\\Учеба\\Верстка\\FSD_4\\src\\view\\view.js","statementMap":{"0":{"start":{"line":12,"column":4},"end":{"line":12,"column":26}},"1":{"start":{"line":14,"column":4},"end":{"line":14,"column":31}},"2":{"start":{"line":16,"column":4},"end":{"line":16,"column":39}},"3":{"start":{"line":17,"column":4},"end":{"line":17,"column":38}},"4":{"start":{"line":19,"column":4},"end":{"line":19,"column":31}},"5":{"start":{"line":20,"column":4},"end":{"line":20,"column":29}},"6":{"start":{"line":21,"column":4},"end":{"line":21,"column":34}},"7":{"start":{"line":22,"column":4},"end":{"line":22,"column":29}},"8":{"start":{"line":24,"column":4},"end":{"line":24,"column":39}},"9":{"start":{"line":26,"column":4},"end":{"line":26,"column":93}},"10":{"start":{"line":27,"column":4},"end":{"line":27,"column":75}},"11":{"start":{"line":29,"column":4},"end":{"line":41,"column":5}},"12":{"start":{"line":30,"column":6},"end":{"line":30,"column":43}},"13":{"start":{"line":31,"column":6},"end":{"line":31,"column":41}},"14":{"start":{"line":32,"column":6},"end":{"line":32,"column":43}},"15":{"start":{"line":34,"column":6},"end":{"line":34,"column":52}},"16":{"start":{"line":35,"column":6},"end":{"line":35,"column":55}},"17":{"start":{"line":37,"column":6},"end":{"line":37,"column":26}},"18":{"start":{"line":39,"column":6},"end":{"line":39,"column":27}},"19":{"start":{"line":40,"column":6},"end":{"line":40,"column":34}},"20":{"start":{"line":43,"column":4},"end":{"line":49,"column":5}},"21":{"start":{"line":44,"column":6},"end":{"line":44,"column":27}},"22":{"start":{"line":45,"column":6},"end":{"line":45,"column":56}},"23":{"start":{"line":48,"column":6},"end":{"line":48,"column":28}},"24":{"start":{"line":51,"column":4},"end":{"line":56,"column":5}},"25":{"start":{"line":52,"column":6},"end":{"line":52,"column":46}},"26":{"start":{"line":53,"column":6},"end":{"line":53,"column":47}},"27":{"start":{"line":55,"column":6},"end":{"line":55,"column":75}},"28":{"start":{"line":58,"column":4},"end":{"line":77,"column":5}},"29":{"start":{"line":59,"column":6},"end":{"line":59,"column":51}},"30":{"start":{"line":61,"column":6},"end":{"line":61,"column":56}},"31":{"start":{"line":63,"column":6},"end":{"line":75,"column":7}},"32":{"start":{"line":64,"column":8},"end":{"line":64,"column":55}},"33":{"start":{"line":65,"column":8},"end":{"line":65,"column":57}},"34":{"start":{"line":67,"column":8},"end":{"line":67,"column":92}},"35":{"start":{"line":70,"column":8},"end":{"line":74,"column":11}},"36":{"start":{"line":71,"column":10},"end":{"line":73,"column":11}},"37":{"start":{"line":72,"column":12},"end":{"line":72,"column":31}},"38":{"start":{"line":79,"column":4},"end":{"line":97,"column":5}},"39":{"start":{"line":80,"column":6},"end":{"line":80,"column":60}},"40":{"start":{"line":81,"column":6},"end":{"line":81,"column":27}},"41":{"start":{"line":83,"column":6},"end":{"line":89,"column":7}},"42":{"start":{"line":85,"column":8},"end":{"line":87,"column":11}},"43":{"start":{"line":86,"column":10},"end":{"line":86,"column":52}},"44":{"start":{"line":91,"column":6},"end":{"line":96,"column":7}},"45":{"start":{"line":93,"column":8},"end":{"line":95,"column":11}},"46":{"start":{"line":94,"column":10},"end":{"line":94,"column":50}},"47":{"start":{"line":99,"column":4},"end":{"line":115,"column":5}},"48":{"start":{"line":101,"column":6},"end":{"line":105,"column":9}},"49":{"start":{"line":102,"column":8},"end":{"line":104,"column":9}},"50":{"start":{"line":103,"column":10},"end":{"line":103,"column":38}},"51":{"start":{"line":107,"column":6},"end":{"line":114,"column":7}},"52":{"start":{"line":109,"column":8},"end":{"line":113,"column":11}},"53":{"start":{"line":110,"column":10},"end":{"line":112,"column":11}},"54":{"start":{"line":111,"column":12},"end":{"line":111,"column":40}},"55":{"start":{"line":119,"column":4},"end":{"line":119,"column":31}},"56":{"start":{"line":123,"column":4},"end":{"line":123,"column":36}},"57":{"start":{"line":124,"column":4},"end":{"line":126,"column":5}},"58":{"start":{"line":125,"column":6},"end":{"line":125,"column":39}},"59":{"start":{"line":127,"column":4},"end":{"line":129,"column":5}},"60":{"start":{"line":128,"column":6},"end":{"line":128,"column":34}},"61":{"start":{"line":133,"column":4},"end":{"line":133,"column":36}},"62":{"start":{"line":134,"column":4},"end":{"line":136,"column":5}},"63":{"start":{"line":135,"column":6},"end":{"line":135,"column":39}},"64":{"start":{"line":137,"column":4},"end":{"line":139,"column":5}},"65":{"start":{"line":138,"column":6},"end":{"line":138,"column":34}},"66":{"start":{"line":143,"column":4},"end":{"line":143,"column":33}},"67":{"start":{"line":144,"column":4},"end":{"line":146,"column":5}},"68":{"start":{"line":145,"column":6},"end":{"line":145,"column":36}},"69":{"start":{"line":150,"column":4},"end":{"line":150,"column":35}},"70":{"start":{"line":152,"column":4},"end":{"line":152,"column":37}},"71":{"start":{"line":154,"column":4},"end":{"line":173,"column":5}},"72":{"start":{"line":155,"column":6},"end":{"line":155,"column":42}},"73":{"start":{"line":156,"column":6},"end":{"line":156,"column":74}},"74":{"start":{"line":158,"column":6},"end":{"line":172,"column":7}},"75":{"start":{"line":159,"column":8},"end":{"line":159,"column":85}},"76":{"start":{"line":161,"column":8},"end":{"line":165,"column":9}},"77":{"start":{"line":162,"column":10},"end":{"line":162,"column":29}},"78":{"start":{"line":164,"column":10},"end":{"line":164,"column":29}},"79":{"start":{"line":167,"column":8},"end":{"line":171,"column":9}},"80":{"start":{"line":168,"column":10},"end":{"line":168,"column":40}},"81":{"start":{"line":170,"column":10},"end":{"line":170,"column":38}},"82":{"start":{"line":175,"column":4},"end":{"line":189,"column":5}},"83":{"start":{"line":176,"column":6},"end":{"line":180,"column":7}},"84":{"start":{"line":177,"column":8},"end":{"line":177,"column":36}},"85":{"start":{"line":179,"column":8},"end":{"line":179,"column":36}},"86":{"start":{"line":182,"column":6},"end":{"line":188,"column":7}},"87":{"start":{"line":183,"column":8},"end":{"line":187,"column":9}},"88":{"start":{"line":184,"column":10},"end":{"line":184,"column":38}},"89":{"start":{"line":186,"column":10},"end":{"line":186,"column":38}},"90":{"start":{"line":191,"column":4},"end":{"line":193,"column":5}},"91":{"start":{"line":192,"column":6},"end":{"line":192,"column":46}},"92":{"start":{"line":197,"column":4},"end":{"line":197,"column":36}},"93":{"start":{"line":199,"column":4},"end":{"line":199,"column":38}},"94":{"start":{"line":201,"column":4},"end":{"line":211,"column":5}},"95":{"start":{"line":202,"column":6},"end":{"line":202,"column":43}},"96":{"start":{"line":203,"column":6},"end":{"line":203,"column":80}},"97":{"start":{"line":204,"column":6},"end":{"line":204,"column":78}},"98":{"start":{"line":206,"column":6},"end":{"line":210,"column":7}},"99":{"start":{"line":207,"column":8},"end":{"line":207,"column":27}},"100":{"start":{"line":209,"column":8},"end":{"line":209,"column":27}},"101":{"start":{"line":213,"column":4},"end":{"line":219,"column":5}},"102":{"start":{"line":214,"column":6},"end":{"line":218,"column":7}},"103":{"start":{"line":215,"column":8},"end":{"line":215,"column":36}},"104":{"start":{"line":217,"column":8},"end":{"line":217,"column":36}},"105":{"start":{"line":221,"column":4},"end":{"line":223,"column":5}},"106":{"start":{"line":222,"column":6},"end":{"line":222,"column":46}},"107":{"start":{"line":227,"column":14},"end":{"line":227,"column":47}},"108":{"start":{"line":228,"column":14},"end":{"line":228,"column":47}},"109":{"start":{"line":230,"column":18},"end":{"line":230,"column":53}},"110":{"start":{"line":232,"column":4},"end":{"line":232,"column":42}},"111":{"start":{"line":234,"column":4},"end":{"line":236,"column":5}},"112":{"start":{"line":235,"column":6},"end":{"line":235,"column":47}},"113":{"start":{"line":238,"column":4},"end":{"line":240,"column":5}},"114":{"start":{"line":239,"column":6},"end":{"line":239,"column":40}},"115":{"start":{"line":244,"column":14},"end":{"line":244,"column":48}},"116":{"start":{"line":245,"column":14},"end":{"line":245,"column":48}},"117":{"start":{"line":247,"column":18},"end":{"line":247,"column":59}},"118":{"start":{"line":249,"column":4},"end":{"line":249,"column":44}},"119":{"start":{"line":250,"column":4},"end":{"line":250,"column":39}},"120":{"start":{"line":254,"column":4},"end":{"line":254,"column":38}},"121":{"start":{"line":255,"column":4},"end":{"line":255,"column":39}},"122":{"start":{"line":256,"column":4},"end":{"line":256,"column":40}},"123":{"start":{"line":258,"column":45},"end":{"line":258,"column":136}},"124":{"start":{"line":259,"column":4},"end":{"line":259,"column":136}},"125":{"start":{"line":263,"column":4},"end":{"line":263,"column":40}},"126":{"start":{"line":264,"column":4},"end":{"line":264,"column":38}},"127":{"start":{"line":265,"column":4},"end":{"line":265,"column":39}},"128":{"start":{"line":269,"column":4},"end":{"line":274,"column":5}},"129":{"start":{"line":270,"column":26},"end":{"line":270,"column":75}},"130":{"start":{"line":271,"column":27},"end":{"line":271,"column":76}},"131":{"start":{"line":273,"column":6},"end":{"line":273,"column":54}},"132":{"start":{"line":277,"column":4},"end":{"line":282,"column":5}},"133":{"start":{"line":278,"column":28},"end":{"line":278,"column":75}},"134":{"start":{"line":279,"column":25},"end":{"line":279,"column":76}},"135":{"start":{"line":281,"column":6},"end":{"line":281,"column":54}},"136":{"start":{"line":286,"column":4},"end":{"line":286,"column":43}},"137":{"start":{"line":287,"column":4},"end":{"line":287,"column":43}},"138":{"start":{"line":291,"column":4},"end":{"line":291,"column":49}},"139":{"start":{"line":292,"column":4},"end":{"line":295,"column":5}},"140":{"start":{"line":293,"column":6},"end":{"line":293,"column":52}},"141":{"start":{"line":294,"column":6},"end":{"line":294,"column":53}},"142":{"start":{"line":302,"column":4},"end":{"line":307,"column":5}},"143":{"start":{"line":303,"column":6},"end":{"line":303,"column":71}},"144":{"start":{"line":304,"column":6},"end":{"line":304,"column":65}},"145":{"start":{"line":306,"column":6},"end":{"line":306,"column":52}},"146":{"start":{"line":309,"column":4},"end":{"line":314,"column":5}},"147":{"start":{"line":310,"column":6},"end":{"line":310,"column":73}},"148":{"start":{"line":311,"column":6},"end":{"line":311,"column":63}},"149":{"start":{"line":313,"column":6},"end":{"line":313,"column":52}},"150":{"start":{"line":321,"column":4},"end":{"line":326,"column":5}},"151":{"start":{"line":322,"column":6},"end":{"line":322,"column":72}},"152":{"start":{"line":323,"column":6},"end":{"line":323,"column":64}},"153":{"start":{"line":325,"column":6},"end":{"line":325,"column":52}},"154":{"start":{"line":328,"column":4},"end":{"line":333,"column":5}},"155":{"start":{"line":329,"column":6},"end":{"line":329,"column":70}},"156":{"start":{"line":330,"column":6},"end":{"line":330,"column":66}},"157":{"start":{"line":332,"column":6},"end":{"line":332,"column":52}},"158":{"start":{"line":340,"column":4},"end":{"line":345,"column":5}},"159":{"start":{"line":341,"column":6},"end":{"line":341,"column":74}},"160":{"start":{"line":342,"column":6},"end":{"line":342,"column":64}},"161":{"start":{"line":344,"column":6},"end":{"line":344,"column":53}},"162":{"start":{"line":347,"column":4},"end":{"line":352,"column":5}},"163":{"start":{"line":348,"column":6},"end":{"line":348,"column":72}},"164":{"start":{"line":349,"column":6},"end":{"line":349,"column":66}},"165":{"start":{"line":351,"column":6},"end":{"line":351,"column":53}},"166":{"start":{"line":356,"column":4},"end":{"line":356,"column":42}},"167":{"start":{"line":360,"column":4},"end":{"line":360,"column":43}},"168":{"start":{"line":364,"column":4},"end":{"line":366,"column":5}},"169":{"start":{"line":365,"column":6},"end":{"line":365,"column":32}},"170":{"start":{"line":367,"column":4},"end":{"line":369,"column":5}},"171":{"start":{"line":368,"column":6},"end":{"line":368,"column":33}},"172":{"start":{"line":373,"column":4},"end":{"line":375,"column":5}},"173":{"start":{"line":374,"column":6},"end":{"line":374,"column":35}},"174":{"start":{"line":376,"column":4},"end":{"line":378,"column":5}},"175":{"start":{"line":377,"column":6},"end":{"line":377,"column":36}},"176":{"start":{"line":382,"column":4},"end":{"line":384,"column":5}},"177":{"start":{"line":383,"column":6},"end":{"line":383,"column":34}},"178":{"start":{"line":385,"column":4},"end":{"line":387,"column":5}},"179":{"start":{"line":386,"column":6},"end":{"line":386,"column":35}},"180":{"start":{"line":391,"column":4},"end":{"line":393,"column":5}},"181":{"start":{"line":392,"column":6},"end":{"line":392,"column":36}},"182":{"start":{"line":394,"column":4},"end":{"line":396,"column":5}},"183":{"start":{"line":395,"column":6},"end":{"line":395,"column":37}},"184":{"start":{"line":400,"column":4},"end":{"line":400,"column":54}},"185":{"start":{"line":401,"column":4},"end":{"line":401,"column":34}},"186":{"start":{"line":402,"column":4},"end":{"line":402,"column":48}},"187":{"start":{"line":404,"column":4},"end":{"line":406,"column":5}},"188":{"start":{"line":405,"column":6},"end":{"line":405,"column":42}},"189":{"start":{"line":410,"column":16},"end":{"line":410,"column":52}},"190":{"start":{"line":412,"column":4},"end":{"line":418,"column":5}},"191":{"start":{"line":413,"column":6},"end":{"line":413,"column":39}},"192":{"start":{"line":414,"column":6},"end":{"line":414,"column":44}},"193":{"start":{"line":415,"column":6},"end":{"line":417,"column":15}},"194":{"start":{"line":416,"column":8},"end":{"line":416,"column":44}},"195":{"start":{"line":420,"column":4},"end":{"line":434,"column":5}},"196":{"start":{"line":421,"column":6},"end":{"line":433,"column":7}},"197":{"start":{"line":422,"column":8},"end":{"line":422,"column":41}},"198":{"start":{"line":423,"column":8},"end":{"line":423,"column":46}},"199":{"start":{"line":424,"column":8},"end":{"line":426,"column":17}},"200":{"start":{"line":425,"column":10},"end":{"line":425,"column":46}},"201":{"start":{"line":428,"column":8},"end":{"line":428,"column":42}},"202":{"start":{"line":429,"column":8},"end":{"line":429,"column":47}},"203":{"start":{"line":430,"column":8},"end":{"line":432,"column":17}},"204":{"start":{"line":431,"column":10},"end":{"line":431,"column":47}},"205":{"start":{"line":439,"column":22},"end":{"line":439,"column":66}},"206":{"start":{"line":442,"column":4},"end":{"line":446,"column":5}},"207":{"start":{"line":443,"column":27},"end":{"line":443,"column":47}},"208":{"start":{"line":444,"column":33},"end":{"line":444,"column":73}},"209":{"start":{"line":445,"column":6},"end":{"line":445,"column":134}},"210":{"start":{"line":448,"column":4},"end":{"line":453,"column":5}},"211":{"start":{"line":449,"column":26},"end":{"line":449,"column":45}},"212":{"start":{"line":450,"column":32},"end":{"line":450,"column":72}},"213":{"start":{"line":451,"column":35},"end":{"line":451,"column":60}},"214":{"start":{"line":452,"column":6},"end":{"line":452,"column":136}},"215":{"start":{"line":455,"column":4},"end":{"line":455,"column":17}},"216":{"start":{"line":459,"column":26},"end":{"line":459,"column":74}},"217":{"start":{"line":460,"column":27},"end":{"line":460,"column":76}},"218":{"start":{"line":465,"column":4},"end":{"line":468,"column":5}},"219":{"start":{"line":466,"column":6},"end":{"line":466,"column":66}},"220":{"start":{"line":467,"column":6},"end":{"line":467,"column":67}},"221":{"start":{"line":470,"column":4},"end":{"line":473,"column":5}},"222":{"start":{"line":471,"column":6},"end":{"line":471,"column":64}},"223":{"start":{"line":472,"column":6},"end":{"line":472,"column":69}},"224":{"start":{"line":475,"column":4},"end":{"line":479,"column":5}},"225":{"start":{"line":476,"column":6},"end":{"line":476,"column":20}},"226":{"start":{"line":478,"column":6},"end":{"line":478,"column":21}},"227":{"start":{"line":483,"column":4},"end":{"line":489,"column":5}},"228":{"start":{"line":484,"column":6},"end":{"line":484,"column":86}},"229":{"start":{"line":485,"column":6},"end":{"line":485,"column":82}},"230":{"start":{"line":486,"column":6},"end":{"line":488,"column":7}},"231":{"start":{"line":487,"column":8},"end":{"line":487,"column":99}},"232":{"start":{"line":491,"column":4},"end":{"line":497,"column":5}},"233":{"start":{"line":492,"column":6},"end":{"line":492,"column":87}},"234":{"start":{"line":493,"column":6},"end":{"line":493,"column":82}},"235":{"start":{"line":494,"column":6},"end":{"line":496,"column":7}},"236":{"start":{"line":495,"column":8},"end":{"line":495,"column":100}},"237":{"start":{"line":501,"column":4},"end":{"line":507,"column":5}},"238":{"start":{"line":502,"column":6},"end":{"line":502,"column":89}},"239":{"start":{"line":503,"column":6},"end":{"line":503,"column":85}},"240":{"start":{"line":504,"column":6},"end":{"line":506,"column":7}},"241":{"start":{"line":505,"column":8},"end":{"line":505,"column":102}},"242":{"start":{"line":509,"column":4},"end":{"line":515,"column":5}},"243":{"start":{"line":510,"column":6},"end":{"line":510,"column":90}},"244":{"start":{"line":511,"column":6},"end":{"line":511,"column":85}},"245":{"start":{"line":512,"column":6},"end":{"line":514,"column":7}},"246":{"start":{"line":513,"column":8},"end":{"line":513,"column":103}}},"fnMap":{"0":{"name":"(anonymous_0)","decl":{"start":{"line":11,"column":2},"end":{"line":11,"column":3}},"loc":{"start":{"line":11,"column":39},"end":{"line":116,"column":3}},"line":11},"1":{"name":"(anonymous_1)","decl":{"start":{"line":70,"column":19},"end":{"line":70,"column":20}},"loc":{"start":{"line":70,"column":25},"end":{"line":74,"column":9}},"line":70},"2":{"name":"(anonymous_2)","decl":{"start":{"line":85,"column":19},"end":{"line":85,"column":20}},"loc":{"start":{"line":85,"column":25},"end":{"line":87,"column":9}},"line":85},"3":{"name":"(anonymous_3)","decl":{"start":{"line":93,"column":19},"end":{"line":93,"column":20}},"loc":{"start":{"line":93,"column":25},"end":{"line":95,"column":9}},"line":93},"4":{"name":"(anonymous_4)","decl":{"start":{"line":101,"column":17},"end":{"line":101,"column":18}},"loc":{"start":{"line":101,"column":23},"end":{"line":105,"column":7}},"line":101},"5":{"name":"(anonymous_5)","decl":{"start":{"line":109,"column":19},"end":{"line":109,"column":20}},"loc":{"start":{"line":109,"column":25},"end":{"line":113,"column":9}},"line":109},"6":{"name":"(anonymous_6)","decl":{"start":{"line":118,"column":2},"end":{"line":118,"column":3}},"loc":{"start":{"line":118,"column":25},"end":{"line":120,"column":3}},"line":118},"7":{"name":"(anonymous_7)","decl":{"start":{"line":122,"column":2},"end":{"line":122,"column":3}},"loc":{"start":{"line":122,"column":19},"end":{"line":130,"column":3}},"line":122},"8":{"name":"(anonymous_8)","decl":{"start":{"line":132,"column":2},"end":{"line":132,"column":3}},"loc":{"start":{"line":132,"column":19},"end":{"line":140,"column":3}},"line":132},"9":{"name":"(anonymous_9)","decl":{"start":{"line":142,"column":2},"end":{"line":142,"column":3}},"loc":{"start":{"line":142,"column":16},"end":{"line":147,"column":3}},"line":142},"10":{"name":"(anonymous_10)","decl":{"start":{"line":149,"column":2},"end":{"line":149,"column":3}},"loc":{"start":{"line":149,"column":22},"end":{"line":194,"column":3}},"line":149},"11":{"name":"(anonymous_11)","decl":{"start":{"line":196,"column":2},"end":{"line":196,"column":3}},"loc":{"start":{"line":196,"column":23},"end":{"line":224,"column":3}},"line":196},"12":{"name":"(anonymous_12)","decl":{"start":{"line":226,"column":2},"end":{"line":226,"column":3}},"loc":{"start":{"line":226,"column":30},"end":{"line":241,"column":3}},"line":226},"13":{"name":"(anonymous_13)","decl":{"start":{"line":243,"column":2},"end":{"line":243,"column":3}},"loc":{"start":{"line":243,"column":31},"end":{"line":251,"column":3}},"line":243},"14":{"name":"(anonymous_14)","decl":{"start":{"line":253,"column":2},"end":{"line":253,"column":3}},"loc":{"start":{"line":253,"column":16},"end":{"line":260,"column":3}},"line":253},"15":{"name":"(anonymous_15)","decl":{"start":{"line":262,"column":2},"end":{"line":262,"column":3}},"loc":{"start":{"line":262,"column":16},"end":{"line":266,"column":3}},"line":262},"16":{"name":"(anonymous_16)","decl":{"start":{"line":268,"column":2},"end":{"line":268,"column":3}},"loc":{"start":{"line":268,"column":26},"end":{"line":283,"column":3}},"line":268},"17":{"name":"(anonymous_17)","decl":{"start":{"line":285,"column":2},"end":{"line":285,"column":3}},"loc":{"start":{"line":285,"column":39},"end":{"line":288,"column":3}},"line":285},"18":{"name":"(anonymous_18)","decl":{"start":{"line":290,"column":2},"end":{"line":290,"column":3}},"loc":{"start":{"line":290,"column":37},"end":{"line":296,"column":3}},"line":290},"19":{"name":"(anonymous_19)","decl":{"start":{"line":298,"column":2},"end":{"line":298,"column":3}},"loc":{"start":{"line":298,"column":36},"end":{"line":315,"column":3}},"line":298},"20":{"name":"(anonymous_20)","decl":{"start":{"line":317,"column":2},"end":{"line":317,"column":3}},"loc":{"start":{"line":317,"column":36},"end":{"line":334,"column":3}},"line":317},"21":{"name":"(anonymous_21)","decl":{"start":{"line":336,"column":2},"end":{"line":336,"column":3}},"loc":{"start":{"line":336,"column":37},"end":{"line":353,"column":3}},"line":336},"22":{"name":"(anonymous_22)","decl":{"start":{"line":355,"column":2},"end":{"line":355,"column":3}},"loc":{"start":{"line":355,"column":25},"end":{"line":357,"column":3}},"line":355},"23":{"name":"(anonymous_23)","decl":{"start":{"line":359,"column":2},"end":{"line":359,"column":3}},"loc":{"start":{"line":359,"column":26},"end":{"line":361,"column":3}},"line":359},"24":{"name":"(anonymous_24)","decl":{"start":{"line":363,"column":2},"end":{"line":363,"column":3}},"loc":{"start":{"line":363,"column":38},"end":{"line":370,"column":3}},"line":363},"25":{"name":"(anonymous_25)","decl":{"start":{"line":372,"column":2},"end":{"line":372,"column":3}},"loc":{"start":{"line":372,"column":37},"end":{"line":379,"column":3}},"line":372},"26":{"name":"(anonymous_26)","decl":{"start":{"line":381,"column":2},"end":{"line":381,"column":3}},"loc":{"start":{"line":381,"column":38},"end":{"line":388,"column":3}},"line":381},"27":{"name":"(anonymous_27)","decl":{"start":{"line":390,"column":2},"end":{"line":390,"column":3}},"loc":{"start":{"line":390,"column":36},"end":{"line":397,"column":3}},"line":390},"28":{"name":"(anonymous_28)","decl":{"start":{"line":399,"column":2},"end":{"line":399,"column":3}},"loc":{"start":{"line":399,"column":38},"end":{"line":407,"column":3}},"line":399},"29":{"name":"(anonymous_29)","decl":{"start":{"line":409,"column":2},"end":{"line":409,"column":3}},"loc":{"start":{"line":409,"column":25},"end":{"line":436,"column":3}},"line":409},"30":{"name":"(anonymous_30)","decl":{"start":{"line":415,"column":17},"end":{"line":415,"column":18}},"loc":{"start":{"line":415,"column":23},"end":{"line":417,"column":7}},"line":415},"31":{"name":"(anonymous_31)","decl":{"start":{"line":424,"column":19},"end":{"line":424,"column":20}},"loc":{"start":{"line":424,"column":25},"end":{"line":426,"column":9}},"line":424},"32":{"name":"(anonymous_32)","decl":{"start":{"line":430,"column":19},"end":{"line":430,"column":20}},"loc":{"start":{"line":430,"column":25},"end":{"line":432,"column":9}},"line":430},"33":{"name":"(anonymous_33)","decl":{"start":{"line":438,"column":2},"end":{"line":438,"column":3}},"loc":{"start":{"line":438,"column":34},"end":{"line":456,"column":3}},"line":438},"34":{"name":"(anonymous_34)","decl":{"start":{"line":458,"column":2},"end":{"line":458,"column":3}},"loc":{"start":{"line":458,"column":27},"end":{"line":480,"column":3}},"line":458},"35":{"name":"(anonymous_35)","decl":{"start":{"line":482,"column":2},"end":{"line":482,"column":3}},"loc":{"start":{"line":482,"column":37},"end":{"line":498,"column":3}},"line":482},"36":{"name":"(anonymous_36)","decl":{"start":{"line":500,"column":2},"end":{"line":500,"column":3}},"loc":{"start":{"line":500,"column":40},"end":{"line":516,"column":3}},"line":500}},"branchMap":{"0":{"loc":{"start":{"line":11,"column":25},"end":{"line":11,"column":37}},"type":"default-arg","locations":[{"start":{"line":11,"column":35},"end":{"line":11,"column":37}}],"line":11},"1":{"loc":{"start":{"line":29,"column":4},"end":{"line":41,"column":5}},"type":"if","locations":[{"start":{"line":29,"column":4},"end":{"line":41,"column":5}},{"start":{"line":29,"column":4},"end":{"line":41,"column":5}}],"line":29},"2":{"loc":{"start":{"line":43,"column":4},"end":{"line":49,"column":5}},"type":"if","locations":[{"start":{"line":43,"column":4},"end":{"line":49,"column":5}},{"start":{"line":43,"column":4},"end":{"line":49,"column":5}}],"line":43},"3":{"loc":{"start":{"line":45,"column":28},"end":{"line":45,"column":55}},"type":"binary-expr","locations":[{"start":{"line":45,"column":28},"end":{"line":45,"column":50}},{"start":{"line":45,"column":54},"end":{"line":45,"column":55}}],"line":45},"4":{"loc":{"start":{"line":51,"column":4},"end":{"line":56,"column":5}},"type":"if","locations":[{"start":{"line":51,"column":4},"end":{"line":56,"column":5}},{"start":{"line":51,"column":4},"end":{"line":56,"column":5}}],"line":51},"5":{"loc":{"start":{"line":58,"column":4},"end":{"line":77,"column":5}},"type":"if","locations":[{"start":{"line":58,"column":4},"end":{"line":77,"column":5}},{"start":{"line":58,"column":4},"end":{"line":77,"column":5}}],"line":58},"6":{"loc":{"start":{"line":63,"column":6},"end":{"line":75,"column":7}},"type":"if","locations":[{"start":{"line":63,"column":6},"end":{"line":75,"column":7}},{"start":{"line":63,"column":6},"end":{"line":75,"column":7}}],"line":63},"7":{"loc":{"start":{"line":71,"column":10},"end":{"line":73,"column":11}},"type":"if","locations":[{"start":{"line":71,"column":10},"end":{"line":73,"column":11}},{"start":{"line":71,"column":10},"end":{"line":73,"column":11}}],"line":71},"8":{"loc":{"start":{"line":79,"column":4},"end":{"line":97,"column":5}},"type":"if","locations":[{"start":{"line":79,"column":4},"end":{"line":97,"column":5}},{"start":{"line":79,"column":4},"end":{"line":97,"column":5}}],"line":79},"9":{"loc":{"start":{"line":83,"column":6},"end":{"line":89,"column":7}},"type":"if","locations":[{"start":{"line":83,"column":6},"end":{"line":89,"column":7}},{"start":{"line":83,"column":6},"end":{"line":89,"column":7}}],"line":83},"10":{"loc":{"start":{"line":91,"column":6},"end":{"line":96,"column":7}},"type":"if","locations":[{"start":{"line":91,"column":6},"end":{"line":96,"column":7}},{"start":{"line":91,"column":6},"end":{"line":96,"column":7}}],"line":91},"11":{"loc":{"start":{"line":99,"column":4},"end":{"line":115,"column":5}},"type":"if","locations":[{"start":{"line":99,"column":4},"end":{"line":115,"column":5}},{"start":{"line":99,"column":4},"end":{"line":115,"column":5}}],"line":99},"12":{"loc":{"start":{"line":99,"column":8},"end":{"line":99,"column":50}},"type":"binary-expr","locations":[{"start":{"line":99,"column":8},"end":{"line":99,"column":28}},{"start":{"line":99,"column":32},"end":{"line":99,"column":50}}],"line":99},"13":{"loc":{"start":{"line":102,"column":8},"end":{"line":104,"column":9}},"type":"if","locations":[{"start":{"line":102,"column":8},"end":{"line":104,"column":9}},{"start":{"line":102,"column":8},"end":{"line":104,"column":9}}],"line":102},"14":{"loc":{"start":{"line":107,"column":6},"end":{"line":114,"column":7}},"type":"if","locations":[{"start":{"line":107,"column":6},"end":{"line":114,"column":7}},{"start":{"line":107,"column":6},"end":{"line":114,"column":7}}],"line":107},"15":{"loc":{"start":{"line":110,"column":10},"end":{"line":112,"column":11}},"type":"if","locations":[{"start":{"line":110,"column":10},"end":{"line":112,"column":11}},{"start":{"line":110,"column":10},"end":{"line":112,"column":11}}],"line":110},"16":{"loc":{"start":{"line":124,"column":4},"end":{"line":126,"column":5}},"type":"if","locations":[{"start":{"line":124,"column":4},"end":{"line":126,"column":5}},{"start":{"line":124,"column":4},"end":{"line":126,"column":5}}],"line":124},"17":{"loc":{"start":{"line":127,"column":4},"end":{"line":129,"column":5}},"type":"if","locations":[{"start":{"line":127,"column":4},"end":{"line":129,"column":5}},{"start":{"line":127,"column":4},"end":{"line":129,"column":5}}],"line":127},"18":{"loc":{"start":{"line":134,"column":4},"end":{"line":136,"column":5}},"type":"if","locations":[{"start":{"line":134,"column":4},"end":{"line":136,"column":5}},{"start":{"line":134,"column":4},"end":{"line":136,"column":5}}],"line":134},"19":{"loc":{"start":{"line":137,"column":4},"end":{"line":139,"column":5}},"type":"if","locations":[{"start":{"line":137,"column":4},"end":{"line":139,"column":5}},{"start":{"line":137,"column":4},"end":{"line":139,"column":5}}],"line":137},"20":{"loc":{"start":{"line":144,"column":4},"end":{"line":146,"column":5}},"type":"if","locations":[{"start":{"line":144,"column":4},"end":{"line":146,"column":5}},{"start":{"line":144,"column":4},"end":{"line":146,"column":5}}],"line":144},"21":{"loc":{"start":{"line":154,"column":4},"end":{"line":173,"column":5}},"type":"if","locations":[{"start":{"line":154,"column":4},"end":{"line":173,"column":5}},{"start":{"line":154,"column":4},"end":{"line":173,"column":5}}],"line":154},"22":{"loc":{"start":{"line":158,"column":6},"end":{"line":172,"column":7}},"type":"if","locations":[{"start":{"line":158,"column":6},"end":{"line":172,"column":7}},{"start":{"line":158,"column":6},"end":{"line":172,"column":7}}],"line":158},"23":{"loc":{"start":{"line":161,"column":8},"end":{"line":165,"column":9}},"type":"if","locations":[{"start":{"line":161,"column":8},"end":{"line":165,"column":9}},{"start":{"line":161,"column":8},"end":{"line":165,"column":9}}],"line":161},"24":{"loc":{"start":{"line":167,"column":8},"end":{"line":171,"column":9}},"type":"if","locations":[{"start":{"line":167,"column":8},"end":{"line":171,"column":9}},{"start":{"line":167,"column":8},"end":{"line":171,"column":9}}],"line":167},"25":{"loc":{"start":{"line":175,"column":4},"end":{"line":189,"column":5}},"type":"if","locations":[{"start":{"line":175,"column":4},"end":{"line":189,"column":5}},{"start":{"line":175,"column":4},"end":{"line":189,"column":5}}],"line":175},"26":{"loc":{"start":{"line":175,"column":8},"end":{"line":175,"column":44}},"type":"binary-expr","locations":[{"start":{"line":175,"column":8},"end":{"line":175,"column":27}},{"start":{"line":175,"column":31},"end":{"line":175,"column":44}}],"line":175},"27":{"loc":{"start":{"line":176,"column":6},"end":{"line":180,"column":7}},"type":"if","locations":[{"start":{"line":176,"column":6},"end":{"line":180,"column":7}},{"start":{"line":176,"column":6},"end":{"line":180,"column":7}}],"line":176},"28":{"loc":{"start":{"line":182,"column":6},"end":{"line":188,"column":7}},"type":"if","locations":[{"start":{"line":182,"column":6},"end":{"line":188,"column":7}},{"start":{"line":182,"column":6},"end":{"line":188,"column":7}}],"line":182},"29":{"loc":{"start":{"line":183,"column":8},"end":{"line":187,"column":9}},"type":"if","locations":[{"start":{"line":183,"column":8},"end":{"line":187,"column":9}},{"start":{"line":183,"column":8},"end":{"line":187,"column":9}}],"line":183},"30":{"loc":{"start":{"line":191,"column":4},"end":{"line":193,"column":5}},"type":"if","locations":[{"start":{"line":191,"column":4},"end":{"line":193,"column":5}},{"start":{"line":191,"column":4},"end":{"line":193,"column":5}}],"line":191},"31":{"loc":{"start":{"line":191,"column":8},"end":{"line":191,"column":44}},"type":"binary-expr","locations":[{"start":{"line":191,"column":8},"end":{"line":191,"column":27}},{"start":{"line":191,"column":31},"end":{"line":191,"column":44}}],"line":191},"32":{"loc":{"start":{"line":201,"column":4},"end":{"line":211,"column":5}},"type":"if","locations":[{"start":{"line":201,"column":4},"end":{"line":211,"column":5}},{"start":{"line":201,"column":4},"end":{"line":211,"column":5}}],"line":201},"33":{"loc":{"start":{"line":206,"column":6},"end":{"line":210,"column":7}},"type":"if","locations":[{"start":{"line":206,"column":6},"end":{"line":210,"column":7}},{"start":{"line":206,"column":6},"end":{"line":210,"column":7}}],"line":206},"34":{"loc":{"start":{"line":213,"column":4},"end":{"line":219,"column":5}},"type":"if","locations":[{"start":{"line":213,"column":4},"end":{"line":219,"column":5}},{"start":{"line":213,"column":4},"end":{"line":219,"column":5}}],"line":213},"35":{"loc":{"start":{"line":213,"column":8},"end":{"line":213,"column":45}},"type":"binary-expr","locations":[{"start":{"line":213,"column":8},"end":{"line":213,"column":28}},{"start":{"line":213,"column":32},"end":{"line":213,"column":45}}],"line":213},"36":{"loc":{"start":{"line":214,"column":6},"end":{"line":218,"column":7}},"type":"if","locations":[{"start":{"line":214,"column":6},"end":{"line":218,"column":7}},{"start":{"line":214,"column":6},"end":{"line":218,"column":7}}],"line":214},"37":{"loc":{"start":{"line":221,"column":4},"end":{"line":223,"column":5}},"type":"if","locations":[{"start":{"line":221,"column":4},"end":{"line":223,"column":5}},{"start":{"line":221,"column":4},"end":{"line":223,"column":5}}],"line":221},"38":{"loc":{"start":{"line":221,"column":8},"end":{"line":221,"column":45}},"type":"binary-expr","locations":[{"start":{"line":221,"column":8},"end":{"line":221,"column":28}},{"start":{"line":221,"column":32},"end":{"line":221,"column":45}}],"line":221},"39":{"loc":{"start":{"line":234,"column":4},"end":{"line":236,"column":5}},"type":"if","locations":[{"start":{"line":234,"column":4},"end":{"line":236,"column":5}},{"start":{"line":234,"column":4},"end":{"line":236,"column":5}}],"line":234},"40":{"loc":{"start":{"line":238,"column":4},"end":{"line":240,"column":5}},"type":"if","locations":[{"start":{"line":238,"column":4},"end":{"line":240,"column":5}},{"start":{"line":238,"column":4},"end":{"line":240,"column":5}}],"line":238},"41":{"loc":{"start":{"line":269,"column":4},"end":{"line":274,"column":5}},"type":"if","locations":[{"start":{"line":269,"column":4},"end":{"line":274,"column":5}},{"start":{"line":269,"column":4},"end":{"line":274,"column":5}}],"line":269},"42":{"loc":{"start":{"line":277,"column":4},"end":{"line":282,"column":5}},"type":"if","locations":[{"start":{"line":277,"column":4},"end":{"line":282,"column":5}},{"start":{"line":277,"column":4},"end":{"line":282,"column":5}}],"line":277},"43":{"loc":{"start":{"line":292,"column":4},"end":{"line":295,"column":5}},"type":"if","locations":[{"start":{"line":292,"column":4},"end":{"line":295,"column":5}},{"start":{"line":292,"column":4},"end":{"line":295,"column":5}}],"line":292},"44":{"loc":{"start":{"line":302,"column":4},"end":{"line":307,"column":5}},"type":"if","locations":[{"start":{"line":302,"column":4},"end":{"line":307,"column":5}},{"start":{"line":302,"column":4},"end":{"line":307,"column":5}}],"line":302},"45":{"loc":{"start":{"line":309,"column":4},"end":{"line":314,"column":5}},"type":"if","locations":[{"start":{"line":309,"column":4},"end":{"line":314,"column":5}},{"start":{"line":309,"column":4},"end":{"line":314,"column":5}}],"line":309},"46":{"loc":{"start":{"line":321,"column":4},"end":{"line":326,"column":5}},"type":"if","locations":[{"start":{"line":321,"column":4},"end":{"line":326,"column":5}},{"start":{"line":321,"column":4},"end":{"line":326,"column":5}}],"line":321},"47":{"loc":{"start":{"line":328,"column":4},"end":{"line":333,"column":5}},"type":"if","locations":[{"start":{"line":328,"column":4},"end":{"line":333,"column":5}},{"start":{"line":328,"column":4},"end":{"line":333,"column":5}}],"line":328},"48":{"loc":{"start":{"line":340,"column":4},"end":{"line":345,"column":5}},"type":"if","locations":[{"start":{"line":340,"column":4},"end":{"line":345,"column":5}},{"start":{"line":340,"column":4},"end":{"line":345,"column":5}}],"line":340},"49":{"loc":{"start":{"line":347,"column":4},"end":{"line":352,"column":5}},"type":"if","locations":[{"start":{"line":347,"column":4},"end":{"line":352,"column":5}},{"start":{"line":347,"column":4},"end":{"line":352,"column":5}}],"line":347},"50":{"loc":{"start":{"line":363,"column":23},"end":{"line":363,"column":36}},"type":"default-arg","locations":[{"start":{"line":363,"column":30},"end":{"line":363,"column":36}}],"line":363},"51":{"loc":{"start":{"line":364,"column":4},"end":{"line":366,"column":5}},"type":"if","locations":[{"start":{"line":364,"column":4},"end":{"line":366,"column":5}},{"start":{"line":364,"column":4},"end":{"line":366,"column":5}}],"line":364},"52":{"loc":{"start":{"line":367,"column":4},"end":{"line":369,"column":5}},"type":"if","locations":[{"start":{"line":367,"column":4},"end":{"line":369,"column":5}},{"start":{"line":367,"column":4},"end":{"line":369,"column":5}}],"line":367},"53":{"loc":{"start":{"line":372,"column":22},"end":{"line":372,"column":35}},"type":"default-arg","locations":[{"start":{"line":372,"column":29},"end":{"line":372,"column":35}}],"line":372},"54":{"loc":{"start":{"line":373,"column":4},"end":{"line":375,"column":5}},"type":"if","locations":[{"start":{"line":373,"column":4},"end":{"line":375,"column":5}},{"start":{"line":373,"column":4},"end":{"line":375,"column":5}}],"line":373},"55":{"loc":{"start":{"line":376,"column":4},"end":{"line":378,"column":5}},"type":"if","locations":[{"start":{"line":376,"column":4},"end":{"line":378,"column":5}},{"start":{"line":376,"column":4},"end":{"line":378,"column":5}}],"line":376},"56":{"loc":{"start":{"line":381,"column":23},"end":{"line":381,"column":36}},"type":"default-arg","locations":[{"start":{"line":381,"column":30},"end":{"line":381,"column":36}}],"line":381},"57":{"loc":{"start":{"line":382,"column":4},"end":{"line":384,"column":5}},"type":"if","locations":[{"start":{"line":382,"column":4},"end":{"line":384,"column":5}},{"start":{"line":382,"column":4},"end":{"line":384,"column":5}}],"line":382},"58":{"loc":{"start":{"line":385,"column":4},"end":{"line":387,"column":5}},"type":"if","locations":[{"start":{"line":385,"column":4},"end":{"line":387,"column":5}},{"start":{"line":385,"column":4},"end":{"line":387,"column":5}}],"line":385},"59":{"loc":{"start":{"line":390,"column":21},"end":{"line":390,"column":34}},"type":"default-arg","locations":[{"start":{"line":390,"column":28},"end":{"line":390,"column":34}}],"line":390},"60":{"loc":{"start":{"line":391,"column":4},"end":{"line":393,"column":5}},"type":"if","locations":[{"start":{"line":391,"column":4},"end":{"line":393,"column":5}},{"start":{"line":391,"column":4},"end":{"line":393,"column":5}}],"line":391},"61":{"loc":{"start":{"line":394,"column":4},"end":{"line":396,"column":5}},"type":"if","locations":[{"start":{"line":394,"column":4},"end":{"line":396,"column":5}},{"start":{"line":394,"column":4},"end":{"line":396,"column":5}}],"line":394},"62":{"loc":{"start":{"line":404,"column":4},"end":{"line":406,"column":5}},"type":"if","locations":[{"start":{"line":404,"column":4},"end":{"line":406,"column":5}},{"start":{"line":404,"column":4},"end":{"line":406,"column":5}}],"line":404},"63":{"loc":{"start":{"line":412,"column":4},"end":{"line":418,"column":5}},"type":"if","locations":[{"start":{"line":412,"column":4},"end":{"line":418,"column":5}},{"start":{"line":412,"column":4},"end":{"line":418,"column":5}}],"line":412},"64":{"loc":{"start":{"line":420,"column":4},"end":{"line":434,"column":5}},"type":"if","locations":[{"start":{"line":420,"column":4},"end":{"line":434,"column":5}},{"start":{"line":420,"column":4},"end":{"line":434,"column":5}}],"line":420},"65":{"loc":{"start":{"line":421,"column":6},"end":{"line":433,"column":7}},"type":"if","locations":[{"start":{"line":421,"column":6},"end":{"line":433,"column":7}},{"start":{"line":421,"column":6},"end":{"line":433,"column":7}}],"line":421},"66":{"loc":{"start":{"line":442,"column":4},"end":{"line":446,"column":5}},"type":"if","locations":[{"start":{"line":442,"column":4},"end":{"line":446,"column":5}},{"start":{"line":442,"column":4},"end":{"line":446,"column":5}}],"line":442},"67":{"loc":{"start":{"line":448,"column":4},"end":{"line":453,"column":5}},"type":"if","locations":[{"start":{"line":448,"column":4},"end":{"line":453,"column":5}},{"start":{"line":448,"column":4},"end":{"line":453,"column":5}}],"line":448},"68":{"loc":{"start":{"line":465,"column":4},"end":{"line":468,"column":5}},"type":"if","locations":[{"start":{"line":465,"column":4},"end":{"line":468,"column":5}},{"start":{"line":465,"column":4},"end":{"line":468,"column":5}}],"line":465},"69":{"loc":{"start":{"line":470,"column":4},"end":{"line":473,"column":5}},"type":"if","locations":[{"start":{"line":470,"column":4},"end":{"line":473,"column":5}},{"start":{"line":470,"column":4},"end":{"line":473,"column":5}}],"line":470},"70":{"loc":{"start":{"line":475,"column":4},"end":{"line":479,"column":5}},"type":"if","locations":[{"start":{"line":475,"column":4},"end":{"line":479,"column":5}},{"start":{"line":475,"column":4},"end":{"line":479,"column":5}}],"line":475},"71":{"loc":{"start":{"line":482,"column":22},"end":{"line":482,"column":35}},"type":"default-arg","locations":[{"start":{"line":482,"column":29},"end":{"line":482,"column":35}}],"line":482},"72":{"loc":{"start":{"line":483,"column":4},"end":{"line":489,"column":5}},"type":"if","locations":[{"start":{"line":483,"column":4},"end":{"line":489,"column":5}},{"start":{"line":483,"column":4},"end":{"line":489,"column":5}}],"line":483},"73":{"loc":{"start":{"line":486,"column":6},"end":{"line":488,"column":7}},"type":"if","locations":[{"start":{"line":486,"column":6},"end":{"line":488,"column":7}},{"start":{"line":486,"column":6},"end":{"line":488,"column":7}}],"line":486},"74":{"loc":{"start":{"line":491,"column":4},"end":{"line":497,"column":5}},"type":"if","locations":[{"start":{"line":491,"column":4},"end":{"line":497,"column":5}},{"start":{"line":491,"column":4},"end":{"line":497,"column":5}}],"line":491},"75":{"loc":{"start":{"line":494,"column":6},"end":{"line":496,"column":7}},"type":"if","locations":[{"start":{"line":494,"column":6},"end":{"line":496,"column":7}},{"start":{"line":494,"column":6},"end":{"line":496,"column":7}}],"line":494},"76":{"loc":{"start":{"line":500,"column":25},"end":{"line":500,"column":38}},"type":"default-arg","locations":[{"start":{"line":500,"column":32},"end":{"line":500,"column":38}}],"line":500},"77":{"loc":{"start":{"line":501,"column":4},"end":{"line":507,"column":5}},"type":"if","locations":[{"start":{"line":501,"column":4},"end":{"line":507,"column":5}},{"start":{"line":501,"column":4},"end":{"line":507,"column":5}}],"line":501},"78":{"loc":{"start":{"line":504,"column":6},"end":{"line":506,"column":7}},"type":"if","locations":[{"start":{"line":504,"column":6},"end":{"line":506,"column":7}},{"start":{"line":504,"column":6},"end":{"line":506,"column":7}}],"line":504},"79":{"loc":{"start":{"line":509,"column":4},"end":{"line":515,"column":5}},"type":"if","locations":[{"start":{"line":509,"column":4},"end":{"line":515,"column":5}},{"start":{"line":509,"column":4},"end":{"line":515,"column":5}}],"line":509},"80":{"loc":{"start":{"line":512,"column":6},"end":{"line":514,"column":7}},"type":"if","locations":[{"start":{"line":512,"column":6},"end":{"line":514,"column":7}},{"start":{"line":512,"column":6},"end":{"line":514,"column":7}}],"line":512}},"s":{"0":85,"1":85,"2":85,"3":85,"4":85,"5":85,"6":85,"7":85,"8":85,"9":85,"10":85,"11":85,"12":33,"13":33,"14":33,"15":33,"16":33,"17":33,"18":52,"19":52,"20":85,"21":30,"22":30,"23":55,"24":85,"25":13,"26":13,"27":13,"28":85,"29":20,"30":20,"31":20,"32":13,"33":13,"34":13,"35":13,"36":0,"37":0,"38":85,"39":12,"40":12,"41":12,"42":7,"43":0,"44":12,"45":8,"46":0,"47":85,"48":9,"49":0,"50":0,"51":9,"52":4,"53":0,"54":0,"55":6,"56":11,"57":11,"58":6,"59":11,"60":1,"61":12,"62":12,"63":6,"64":12,"65":1,"66":10,"67":10,"68":4,"69":21,"70":21,"71":21,"72":12,"73":12,"74":12,"75":9,"76":9,"77":3,"78":6,"79":9,"80":0,"81":9,"82":21,"83":12,"84":9,"85":3,"86":12,"87":3,"88":1,"89":2,"90":21,"91":12,"92":13,"93":13,"94":13,"95":9,"96":9,"97":9,"98":9,"99":3,"100":6,"101":13,"102":9,"103":6,"104":3,"105":13,"106":9,"107":322,"108":322,"109":322,"110":322,"111":322,"112":208,"113":322,"114":114,"115":214,"116":214,"117":214,"118":214,"119":214,"120":7,"121":7,"122":7,"123":7,"124":7,"125":5,"126":5,"127":5,"128":8,"129":2,"130":2,"131":2,"132":6,"133":6,"134":6,"135":6,"136":1,"137":1,"138":20,"139":20,"140":17,"141":17,"142":12,"143":2,"144":2,"145":2,"146":10,"147":10,"148":10,"149":10,"150":4,"151":2,"152":2,"153":2,"154":2,"155":2,"156":2,"157":2,"158":9,"159":2,"160":2,"161":2,"162":7,"163":7,"164":7,"165":7,"166":101,"167":101,"168":3,"169":2,"170":3,"171":1,"172":3,"173":2,"174":3,"175":1,"176":3,"177":2,"178":3,"179":1,"180":3,"181":2,"182":3,"183":1,"184":1,"185":1,"186":1,"187":1,"188":0,"189":5,"190":5,"191":2,"192":2,"193":2,"194":0,"195":5,"196":3,"197":1,"198":1,"199":1,"200":0,"201":2,"202":2,"203":2,"204":0,"205":2316,"206":2316,"207":1210,"208":1210,"209":1210,"210":2316,"211":1106,"212":1106,"213":1106,"214":1106,"215":2316,"216":6,"217":6,"218":6,"219":3,"220":3,"221":6,"222":3,"223":3,"224":6,"225":4,"226":2,"227":7,"228":5,"229":5,"230":5,"231":4,"232":7,"233":2,"234":2,"235":2,"236":2,"237":3,"238":2,"239":2,"240":2,"241":2,"242":3,"243":1,"244":1,"245":1,"246":1},"f":{"0":85,"1":0,"2":0,"3":0,"4":0,"5":0,"6":6,"7":11,"8":12,"9":10,"10":21,"11":13,"12":322,"13":214,"14":7,"15":5,"16":8,"17":1,"18":20,"19":12,"20":4,"21":9,"22":101,"23":101,"24":3,"25":3,"26":3,"27":3,"28":1,"29":5,"30":0,"31":0,"32":0,"33":2316,"34":6,"35":7,"36":3},"b":{"0":[9],"1":[33,52],"2":[30,55],"3":[30,6],"4":[13,72],"5":[20,65],"6":[13,7],"7":[0,0],"8":[12,73],"9":[7,5],"10":[8,4],"11":[9,76],"12":[85,13],"13":[0,0],"14":[4,5],"15":[0,0],"16":[6,5],"17":[1,10],"18":[6,6],"19":[1,11],"20":[4,6],"21":[12,9],"22":[9,3],"23":[3,6],"24":[0,9],"25":[12,9],"26":[21,12],"27":[9,3],"28":[3,9],"29":[1,2],"30":[12,9],"31":[21,12],"32":[9,4],"33":[3,6],"34":[9,4],"35":[13,9],"36":[6,3],"37":[9,4],"38":[13,9],"39":[208,114],"40":[114,208],"41":[2,6],"42":[6,0],"43":[17,3],"44":[2,10],"45":[10,0],"46":[2,2],"47":[2,0],"48":[2,7],"49":[7,0],"50":[1],"51":[2,1],"52":[1,2],"53":[1],"54":[2,1],"55":[1,2],"56":[1],"57":[2,1],"58":[1,2],"59":[1],"60":[2,1],"61":[1,2],"62":[0,1],"63":[2,3],"64":[3,2],"65":[1,2],"66":[1210,1106],"67":[1106,1210],"68":[3,3],"69":[3,3],"70":[4,2],"71":[2],"72":[5,2],"73":[4,1],"74":[2,5],"75":[2,0],"76":[1],"77":[2,1],"78":[2,0],"79":[1,2],"80":[1,0]},"_coverageSchema":"1a1c01bbd47fc00a2c39e90264f33305004495a9","hash":"d3041bbceeca26a2a1cd068ed438d4024f0b39fb"}
,"C:\\Users\\Ольга\\Documents\\Учеба\\Верстка\\FSD_4\\src\\view\\helpers\\createElement.js": {"path":"C:\\Users\\Ольга\\Documents\\Учеба\\Верстка\\FSD_4\\src\\view\\helpers\\createElement.js","statementMap":{"0":{"start":{"line":2,"column":20},"end":{"line":2,"column":47}},"1":{"start":{"line":3,"column":4},"end":{"line":5,"column":5}},"2":{"start":{"line":4,"column":4},"end":{"line":4,"column":34}},"3":{"start":{"line":7,"column":4},"end":{"line":7,"column":19}}},"fnMap":{"0":{"name":"createElement","decl":{"start":{"line":1,"column":16},"end":{"line":1,"column":29}},"loc":{"start":{"line":1,"column":46},"end":{"line":8,"column":1}},"line":1}},"branchMap":{"0":{"loc":{"start":{"line":3,"column":4},"end":{"line":5,"column":5}},"type":"if","locations":[{"start":{"line":3,"column":4},"end":{"line":5,"column":5}},{"start":{"line":3,"column":4},"end":{"line":5,"column":5}}],"line":3}},"s":{"0":6696,"1":6696,"2":6696,"3":6696},"f":{"0":6696},"b":{"0":[6696,0]},"_coverageSchema":"1a1c01bbd47fc00a2c39e90264f33305004495a9","hash":"db869bf46b3c48a6840612e1ba2b7659d9d6b69b"}
,"C:\\Users\\Ольга\\Documents\\Учеба\\Верстка\\FSD_4\\src\\view\\subviews\\input\\input.js": {"path":"C:\\Users\\Ольга\\Documents\\Учеба\\Верстка\\FSD_4\\src\\view\\subviews\\input\\input.js","statementMap":{"0":{"start":{"line":5,"column":4},"end":{"line":5,"column":21}},"1":{"start":{"line":6,"column":4},"end":{"line":6,"column":21}},"2":{"start":{"line":7,"column":4},"end":{"line":7,"column":126}},"3":{"start":{"line":8,"column":4},"end":{"line":8,"column":34}},"4":{"start":{"line":10,"column":4},"end":{"line":10,"column":31}},"5":{"start":{"line":14,"column":4},"end":{"line":14,"column":21}},"6":{"start":{"line":18,"column":4},"end":{"line":18,"column":44}},"7":{"start":{"line":22,"column":4},"end":{"line":22,"column":44}},"8":{"start":{"line":26,"column":4},"end":{"line":26,"column":46}},"9":{"start":{"line":30,"column":4},"end":{"line":30,"column":48}},"10":{"start":{"line":34,"column":4},"end":{"line":34,"column":40}},"11":{"start":{"line":38,"column":4},"end":{"line":38,"column":32}},"12":{"start":{"line":42,"column":4},"end":{"line":42,"column":30}},"13":{"start":{"line":46,"column":4},"end":{"line":46,"column":30}},"14":{"start":{"line":50,"column":4},"end":{"line":58,"column":7}},"15":{"start":{"line":51,"column":18},"end":{"line":51,"column":38}},"16":{"start":{"line":52,"column":6},"end":{"line":54,"column":7}},"17":{"start":{"line":53,"column":8},"end":{"line":53,"column":41}},"18":{"start":{"line":55,"column":6},"end":{"line":57,"column":7}},"19":{"start":{"line":56,"column":8},"end":{"line":56,"column":42}},"20":{"start":{"line":60,"column":4},"end":{"line":62,"column":7}},"21":{"start":{"line":61,"column":6},"end":{"line":61,"column":48}},"22":{"start":{"line":63,"column":4},"end":{"line":65,"column":7}},"23":{"start":{"line":64,"column":6},"end":{"line":64,"column":47}},"24":{"start":{"line":67,"column":4},"end":{"line":69,"column":7}},"25":{"start":{"line":68,"column":6},"end":{"line":68,"column":48}},"26":{"start":{"line":70,"column":4},"end":{"line":72,"column":7}},"27":{"start":{"line":71,"column":6},"end":{"line":71,"column":46}}},"fnMap":{"0":{"name":"(anonymous_0)","decl":{"start":{"line":4,"column":2},"end":{"line":4,"column":3}},"loc":{"start":{"line":4,"column":29},"end":{"line":11,"column":3}},"line":4},"1":{"name":"(anonymous_1)","decl":{"start":{"line":13,"column":2},"end":{"line":13,"column":3}},"loc":{"start":{"line":13,"column":21},"end":{"line":15,"column":3}},"line":13},"2":{"name":"(anonymous_2)","decl":{"start":{"line":17,"column":2},"end":{"line":17,"column":3}},"loc":{"start":{"line":17,"column":19},"end":{"line":19,"column":3}},"line":17},"3":{"name":"(anonymous_3)","decl":{"start":{"line":21,"column":2},"end":{"line":21,"column":3}},"loc":{"start":{"line":21,"column":19},"end":{"line":23,"column":3}},"line":21},"4":{"name":"(anonymous_4)","decl":{"start":{"line":25,"column":2},"end":{"line":25,"column":3}},"loc":{"start":{"line":25,"column":16},"end":{"line":27,"column":3}},"line":25},"5":{"name":"(anonymous_5)","decl":{"start":{"line":29,"column":2},"end":{"line":29,"column":3}},"loc":{"start":{"line":29,"column":18},"end":{"line":31,"column":3}},"line":29},"6":{"name":"(anonymous_6)","decl":{"start":{"line":33,"column":2},"end":{"line":33,"column":3}},"loc":{"start":{"line":33,"column":19},"end":{"line":35,"column":3}},"line":33},"7":{"name":"(anonymous_7)","decl":{"start":{"line":37,"column":2},"end":{"line":37,"column":3}},"loc":{"start":{"line":37,"column":13},"end":{"line":39,"column":3}},"line":37},"8":{"name":"(anonymous_8)","decl":{"start":{"line":41,"column":2},"end":{"line":41,"column":3}},"loc":{"start":{"line":41,"column":11},"end":{"line":43,"column":3}},"line":41},"9":{"name":"(anonymous_9)","decl":{"start":{"line":45,"column":2},"end":{"line":45,"column":3}},"loc":{"start":{"line":45,"column":11},"end":{"line":47,"column":3}},"line":45},"10":{"name":"(anonymous_10)","decl":{"start":{"line":49,"column":2},"end":{"line":49,"column":3}},"loc":{"start":{"line":49,"column":24},"end":{"line":73,"column":3}},"line":49},"11":{"name":"(anonymous_11)","decl":{"start":{"line":50,"column":45},"end":{"line":50,"column":46}},"loc":{"start":{"line":50,"column":51},"end":{"line":58,"column":5}},"line":50},"12":{"name":"(anonymous_12)","decl":{"start":{"line":60,"column":49},"end":{"line":60,"column":50}},"loc":{"start":{"line":60,"column":55},"end":{"line":62,"column":5}},"line":60},"13":{"name":"(anonymous_13)","decl":{"start":{"line":63,"column":48},"end":{"line":63,"column":49}},"loc":{"start":{"line":63,"column":54},"end":{"line":65,"column":5}},"line":63},"14":{"name":"(anonymous_14)","decl":{"start":{"line":67,"column":49},"end":{"line":67,"column":50}},"loc":{"start":{"line":67,"column":55},"end":{"line":69,"column":5}},"line":67},"15":{"name":"(anonymous_15)","decl":{"start":{"line":70,"column":47},"end":{"line":70,"column":48}},"loc":{"start":{"line":70,"column":53},"end":{"line":72,"column":5}},"line":70}},"branchMap":{"0":{"loc":{"start":{"line":4,"column":14},"end":{"line":4,"column":27}},"type":"default-arg","locations":[{"start":{"line":4,"column":21},"end":{"line":4,"column":27}}],"line":4},"1":{"loc":{"start":{"line":52,"column":6},"end":{"line":54,"column":7}},"type":"if","locations":[{"start":{"line":52,"column":6},"end":{"line":54,"column":7}},{"start":{"line":52,"column":6},"end":{"line":54,"column":7}}],"line":52},"2":{"loc":{"start":{"line":55,"column":6},"end":{"line":57,"column":7}},"type":"if","locations":[{"start":{"line":55,"column":6},"end":{"line":57,"column":7}},{"start":{"line":55,"column":6},"end":{"line":57,"column":7}}],"line":55}},"s":{"0":136,"1":136,"2":136,"3":136,"4":136,"5":125,"6":17,"7":18,"8":13,"9":34,"10":10,"11":30,"12":545,"13":550,"14":136,"15":2,"16":2,"17":1,"18":2,"19":1,"20":136,"21":1,"22":136,"23":1,"24":136,"25":1,"26":136,"27":1},"f":{"0":136,"1":125,"2":17,"3":18,"4":13,"5":34,"6":10,"7":30,"8":545,"9":550,"10":136,"11":2,"12":1,"13":1,"14":1,"15":1},"b":{"0":[12],"1":[1,1],"2":[1,1]},"_coverageSchema":"1a1c01bbd47fc00a2c39e90264f33305004495a9","hash":"7100860922da3b9656fa766f3c0a93f09f5a1e94"}
,"C:\\Users\\Ольга\\Documents\\Учеба\\Верстка\\FSD_4\\src\\view\\subviews\\label\\label.js": {"path":"C:\\Users\\Ольга\\Documents\\Учеба\\Верстка\\FSD_4\\src\\view\\subviews\\label\\label.js","statementMap":{"0":{"start":{"line":3,"column":4},"end":{"line":3,"column":21}},"1":{"start":{"line":4,"column":4},"end":{"line":4,"column":51}},"2":{"start":{"line":8,"column":4},"end":{"line":8,"column":41}},"3":{"start":{"line":12,"column":4},"end":{"line":12,"column":39}},"4":{"start":{"line":16,"column":4},"end":{"line":16,"column":50}}},"fnMap":{"0":{"name":"(anonymous_0)","decl":{"start":{"line":2,"column":2},"end":{"line":2,"column":3}},"loc":{"start":{"line":2,"column":29},"end":{"line":5,"column":3}},"line":2},"1":{"name":"(anonymous_1)","decl":{"start":{"line":7,"column":2},"end":{"line":7,"column":3}},"loc":{"start":{"line":7,"column":20},"end":{"line":9,"column":3}},"line":7},"2":{"name":"(anonymous_2)","decl":{"start":{"line":11,"column":2},"end":{"line":11,"column":3}},"loc":{"start":{"line":11,"column":18},"end":{"line":13,"column":3}},"line":11},"3":{"name":"(anonymous_3)","decl":{"start":{"line":15,"column":2},"end":{"line":15,"column":3}},"loc":{"start":{"line":15,"column":26},"end":{"line":17,"column":3}},"line":15}},"branchMap":{"0":{"loc":{"start":{"line":2,"column":14},"end":{"line":2,"column":27}},"type":"default-arg","locations":[{"start":{"line":2,"column":21},"end":{"line":2,"column":27}}],"line":2}},"s":{"0":99,"1":99,"2":34,"3":4,"4":35},"f":{"0":99,"1":34,"2":4,"3":35},"b":{"0":[5]},"_coverageSchema":"1a1c01bbd47fc00a2c39e90264f33305004495a9","hash":"b4d9631e8be511dee08dda0906048742415dcde7"}
,"C:\\Users\\Ольга\\Documents\\Учеба\\Верстка\\FSD_4\\src\\view\\subviews\\minMaxLabel\\minMaxLabel.js": {"path":"C:\\Users\\Ольга\\Documents\\Учеба\\Верстка\\FSD_4\\src\\view\\subviews\\minMaxLabel\\minMaxLabel.js","statementMap":{"0":{"start":{"line":6,"column":4},"end":{"line":6,"column":16}},"1":{"start":{"line":7,"column":4},"end":{"line":7,"column":148}},"2":{"start":{"line":11,"column":4},"end":{"line":13,"column":5}},"3":{"start":{"line":12,"column":6},"end":{"line":12,"column":100}},"4":{"start":{"line":14,"column":4},"end":{"line":16,"column":5}},"5":{"start":{"line":15,"column":6},"end":{"line":15,"column":100}}},"fnMap":{"0":{"name":"(anonymous_0)","decl":{"start":{"line":5,"column":2},"end":{"line":5,"column":3}},"loc":{"start":{"line":5,"column":29},"end":{"line":8,"column":3}},"line":5},"1":{"name":"(anonymous_1)","decl":{"start":{"line":10,"column":2},"end":{"line":10,"column":3}},"loc":{"start":{"line":10,"column":27},"end":{"line":17,"column":3}},"line":10}},"branchMap":{"0":{"loc":{"start":{"line":5,"column":14},"end":{"line":5,"column":27}},"type":"default-arg","locations":[{"start":{"line":5,"column":21},"end":{"line":5,"column":27}}],"line":5},"1":{"loc":{"start":{"line":11,"column":4},"end":{"line":13,"column":5}},"type":"if","locations":[{"start":{"line":11,"column":4},"end":{"line":13,"column":5}},{"start":{"line":11,"column":4},"end":{"line":13,"column":5}}],"line":11},"2":{"loc":{"start":{"line":14,"column":4},"end":{"line":16,"column":5}},"type":"if","locations":[{"start":{"line":14,"column":4},"end":{"line":16,"column":5}},{"start":{"line":14,"column":4},"end":{"line":16,"column":5}}],"line":14}},"s":{"0":36,"1":36,"2":3,"3":2,"4":3,"5":1},"f":{"0":36,"1":3},"b":{"0":[4],"1":[2,1],"2":[1,2]},"_coverageSchema":"1a1c01bbd47fc00a2c39e90264f33305004495a9","hash":"d4ccb70729dd81963b20c7635cd01bccc7e20c99"}
,"C:\\Users\\Ольга\\Documents\\Учеба\\Верстка\\FSD_4\\src\\view\\subviews\\range\\range.js": {"path":"C:\\Users\\Ольга\\Documents\\Учеба\\Верстка\\FSD_4\\src\\view\\subviews\\range\\range.js","statementMap":{"0":{"start":{"line":5,"column":4},"end":{"line":5,"column":88}},"1":{"start":{"line":9,"column":4},"end":{"line":9,"column":46}},"2":{"start":{"line":13,"column":4},"end":{"line":13,"column":47}}},"fnMap":{"0":{"name":"(anonymous_0)","decl":{"start":{"line":4,"column":2},"end":{"line":4,"column":3}},"loc":{"start":{"line":4,"column":16},"end":{"line":6,"column":3}},"line":4},"1":{"name":"(anonymous_1)","decl":{"start":{"line":8,"column":2},"end":{"line":8,"column":3}},"loc":{"start":{"line":8,"column":25},"end":{"line":10,"column":3}},"line":8},"2":{"name":"(anonymous_2)","decl":{"start":{"line":12,"column":2},"end":{"line":12,"column":3}},"loc":{"start":{"line":12,"column":26},"end":{"line":14,"column":3}},"line":12}},"branchMap":{},"s":{"0":88,"1":167,"2":423},"f":{"0":88,"1":167,"2":423},"b":{},"_coverageSchema":"1a1c01bbd47fc00a2c39e90264f33305004495a9","hash":"30bab542ab84f38bb10e1581a4246192cc56a3c6"}
,"C:\\Users\\Ольга\\Documents\\Учеба\\Верстка\\FSD_4\\src\\view\\subviews\\scale\\scale.js": {"path":"C:\\Users\\Ольга\\Documents\\Учеба\\Верстка\\FSD_4\\src\\view\\subviews\\scale\\scale.js","statementMap":{"0":{"start":{"line":5,"column":4},"end":{"line":5,"column":21}},"1":{"start":{"line":6,"column":4},"end":{"line":6,"column":65}},"2":{"start":{"line":7,"column":4},"end":{"line":7,"column":19}},"3":{"start":{"line":8,"column":4},"end":{"line":8,"column":19}},"4":{"start":{"line":9,"column":4},"end":{"line":9,"column":43}},"5":{"start":{"line":10,"column":4},"end":{"line":10,"column":24}},"6":{"start":{"line":11,"column":4},"end":{"line":11,"column":21}},"7":{"start":{"line":12,"column":4},"end":{"line":12,"column":28}},"8":{"start":{"line":14,"column":4},"end":{"line":14,"column":27}},"9":{"start":{"line":15,"column":4},"end":{"line":15,"column":31}},"10":{"start":{"line":16,"column":4},"end":{"line":16,"column":21}},"11":{"start":{"line":17,"column":4},"end":{"line":17,"column":31}},"12":{"start":{"line":21,"column":4},"end":{"line":21,"column":21}},"13":{"start":{"line":25,"column":4},"end":{"line":28,"column":5}},"14":{"start":{"line":25,"column":17},"end":{"line":25,"column":18}},"15":{"start":{"line":26,"column":6},"end":{"line":26,"column":79}},"16":{"start":{"line":27,"column":6},"end":{"line":27,"column":47}},"17":{"start":{"line":32,"column":4},"end":{"line":47,"column":7}},"18":{"start":{"line":33,"column":21},"end":{"line":33,"column":43}},"19":{"start":{"line":34,"column":6},"end":{"line":36,"column":7}},"20":{"start":{"line":35,"column":8},"end":{"line":35,"column":77}},"21":{"start":{"line":37,"column":6},"end":{"line":39,"column":7}},"22":{"start":{"line":38,"column":8},"end":{"line":38,"column":77}},"23":{"start":{"line":40,"column":6},"end":{"line":42,"column":7}},"24":{"start":{"line":41,"column":8},"end":{"line":41,"column":77}},"25":{"start":{"line":43,"column":6},"end":{"line":45,"column":7}},"26":{"start":{"line":44,"column":8},"end":{"line":44,"column":77}},"27":{"start":{"line":46,"column":6},"end":{"line":46,"column":28}},"28":{"start":{"line":51,"column":4},"end":{"line":51,"column":30}},"29":{"start":{"line":52,"column":15},"end":{"line":52,"column":73}},"30":{"start":{"line":53,"column":4},"end":{"line":55,"column":5}},"31":{"start":{"line":53,"column":17},"end":{"line":53,"column":18}},"32":{"start":{"line":54,"column":6},"end":{"line":54,"column":43}},"33":{"start":{"line":56,"column":4},"end":{"line":56,"column":31}},"34":{"start":{"line":58,"column":23},"end":{"line":58,"column":121}},"35":{"start":{"line":59,"column":4},"end":{"line":59,"column":46}},"36":{"start":{"line":60,"column":4},"end":{"line":60,"column":43}},"37":{"start":{"line":61,"column":4},"end":{"line":61,"column":42}},"38":{"start":{"line":63,"column":4},"end":{"line":68,"column":5}},"39":{"start":{"line":63,"column":17},"end":{"line":63,"column":18}},"40":{"start":{"line":64,"column":25},"end":{"line":64,"column":119}},"41":{"start":{"line":65,"column":6},"end":{"line":65,"column":48}},"42":{"start":{"line":66,"column":6},"end":{"line":66,"column":47}},"43":{"start":{"line":67,"column":6},"end":{"line":67,"column":44}},"44":{"start":{"line":72,"column":4},"end":{"line":72,"column":77}},"45":{"start":{"line":73,"column":4},"end":{"line":75,"column":5}},"46":{"start":{"line":73,"column":17},"end":{"line":73,"column":18}},"47":{"start":{"line":74,"column":6},"end":{"line":74,"column":182}},"48":{"start":{"line":79,"column":4},"end":{"line":81,"column":7}},"49":{"start":{"line":80,"column":6},"end":{"line":80,"column":63}}},"fnMap":{"0":{"name":"(anonymous_0)","decl":{"start":{"line":4,"column":2},"end":{"line":4,"column":3}},"loc":{"start":{"line":4,"column":45},"end":{"line":18,"column":3}},"line":4},"1":{"name":"(anonymous_1)","decl":{"start":{"line":20,"column":2},"end":{"line":20,"column":3}},"loc":{"start":{"line":20,"column":21},"end":{"line":22,"column":3}},"line":20},"2":{"name":"(anonymous_2)","decl":{"start":{"line":24,"column":2},"end":{"line":24,"column":3}},"loc":{"start":{"line":24,"column":20},"end":{"line":29,"column":3}},"line":24},"3":{"name":"(anonymous_3)","decl":{"start":{"line":31,"column":2},"end":{"line":31,"column":3}},"loc":{"start":{"line":31,"column":24},"end":{"line":48,"column":3}},"line":31},"4":{"name":"(anonymous_4)","decl":{"start":{"line":32,"column":27},"end":{"line":32,"column":28}},"loc":{"start":{"line":32,"column":35},"end":{"line":47,"column":5}},"line":32},"5":{"name":"(anonymous_5)","decl":{"start":{"line":50,"column":2},"end":{"line":50,"column":3}},"loc":{"start":{"line":50,"column":14},"end":{"line":69,"column":3}},"line":50},"6":{"name":"(anonymous_6)","decl":{"start":{"line":71,"column":2},"end":{"line":71,"column":3}},"loc":{"start":{"line":71,"column":27},"end":{"line":76,"column":3}},"line":71},"7":{"name":"(anonymous_7)","decl":{"start":{"line":78,"column":2},"end":{"line":78,"column":3}},"loc":{"start":{"line":78,"column":24},"end":{"line":82,"column":3}},"line":78},"8":{"name":"(anonymous_8)","decl":{"start":{"line":79,"column":45},"end":{"line":79,"column":46}},"loc":{"start":{"line":79,"column":56},"end":{"line":81,"column":5}},"line":79}},"branchMap":{"0":{"loc":{"start":{"line":4,"column":24},"end":{"line":4,"column":43}},"type":"default-arg","locations":[{"start":{"line":4,"column":42},"end":{"line":4,"column":43}}],"line":4},"1":{"loc":{"start":{"line":34,"column":6},"end":{"line":36,"column":7}},"type":"if","locations":[{"start":{"line":34,"column":6},"end":{"line":36,"column":7}},{"start":{"line":34,"column":6},"end":{"line":36,"column":7}}],"line":34},"2":{"loc":{"start":{"line":37,"column":6},"end":{"line":39,"column":7}},"type":"if","locations":[{"start":{"line":37,"column":6},"end":{"line":39,"column":7}},{"start":{"line":37,"column":6},"end":{"line":39,"column":7}}],"line":37},"3":{"loc":{"start":{"line":40,"column":6},"end":{"line":42,"column":7}},"type":"if","locations":[{"start":{"line":40,"column":6},"end":{"line":42,"column":7}},{"start":{"line":40,"column":6},"end":{"line":42,"column":7}}],"line":40},"4":{"loc":{"start":{"line":43,"column":6},"end":{"line":45,"column":7}},"type":"if","locations":[{"start":{"line":43,"column":6},"end":{"line":45,"column":7}},{"start":{"line":43,"column":6},"end":{"line":45,"column":7}}],"line":43}},"s":{"0":181,"1":181,"2":181,"3":181,"4":181,"5":181,"6":181,"7":181,"8":181,"9":181,"10":181,"11":181,"12":3,"13":181,"14":181,"15":1339,"16":1339,"17":181,"18":1339,"19":1339,"20":1310,"21":1339,"22":799,"23":1339,"24":504,"25":1339,"26":414,"27":1339,"28":181,"29":181,"30":181,"31":181,"32":1158,"33":181,"34":181,"35":181,"36":181,"37":181,"38":181,"39":181,"40":1339,"41":1339,"42":1339,"43":1339,"44":1,"45":1,"46":1,"47":4,"48":181,"49":1},"f":{"0":181,"1":3,"2":181,"3":181,"4":1339,"5":181,"6":1,"7":181,"8":1},"b":{"0":[1],"1":[1310,29],"2":[799,540],"3":[504,835],"4":[414,925]},"_coverageSchema":"1a1c01bbd47fc00a2c39e90264f33305004495a9","hash":"21e60181ba61f20559adbf39b8b0d5fb7fd7a1c3"}
,"C:\\Users\\Ольга\\Documents\\Учеба\\Верстка\\FSD_4\\src\\view\\subviews\\slider\\slider.js": {"path":"C:\\Users\\Ольга\\Documents\\Учеба\\Верстка\\FSD_4\\src\\view\\subviews\\slider\\slider.js","statementMap":{"0":{"start":{"line":5,"column":4},"end":{"line":5,"column":66}},"1":{"start":{"line":9,"column":4},"end":{"line":9,"column":39}}},"fnMap":{"0":{"name":"(anonymous_0)","decl":{"start":{"line":4,"column":2},"end":{"line":4,"column":3}},"loc":{"start":{"line":4,"column":16},"end":{"line":6,"column":3}},"line":4},"1":{"name":"(anonymous_1)","decl":{"start":{"line":8,"column":2},"end":{"line":8,"column":3}},"loc":{"start":{"line":8,"column":22},"end":{"line":10,"column":3}},"line":8}},"branchMap":{},"s":{"0":87,"1":165},"f":{"0":87,"1":165},"b":{},"_coverageSchema":"1a1c01bbd47fc00a2c39e90264f33305004495a9","hash":"5a2bd780c7f01d122e4aac183c816dd096ac8870"}
,"C:\\Users\\Ольга\\Documents\\Учеба\\Верстка\\FSD_4\\src\\view\\subviews\\thumb\\thumb.js": {"path":"C:\\Users\\Ольга\\Documents\\Учеба\\Верстка\\FSD_4\\src\\view\\subviews\\thumb\\thumb.js","statementMap":{"0":{"start":{"line":5,"column":4},"end":{"line":5,"column":21}},"1":{"start":{"line":6,"column":4},"end":{"line":6,"column":124}},"2":{"start":{"line":10,"column":4},"end":{"line":10,"column":62}},"3":{"start":{"line":14,"column":4},"end":{"line":14,"column":65}},"4":{"start":{"line":18,"column":4},"end":{"line":18,"column":63}},"5":{"start":{"line":22,"column":4},"end":{"line":22,"column":66}},"6":{"start":{"line":26,"column":4},"end":{"line":26,"column":46}},"7":{"start":{"line":30,"column":4},"end":{"line":30,"column":47}},"8":{"start":{"line":34,"column":4},"end":{"line":34,"column":37}},"9":{"start":{"line":38,"column":4},"end":{"line":38,"column":38}},"10":{"start":{"line":42,"column":4},"end":{"line":42,"column":50}}},"fnMap":{"0":{"name":"(anonymous_0)","decl":{"start":{"line":4,"column":2},"end":{"line":4,"column":3}},"loc":{"start":{"line":4,"column":29},"end":{"line":7,"column":3}},"line":4},"1":{"name":"(anonymous_1)","decl":{"start":{"line":9,"column":2},"end":{"line":9,"column":3}},"loc":{"start":{"line":9,"column":13},"end":{"line":11,"column":3}},"line":9},"2":{"name":"(anonymous_2)","decl":{"start":{"line":13,"column":2},"end":{"line":13,"column":3}},"loc":{"start":{"line":13,"column":16},"end":{"line":15,"column":3}},"line":13},"3":{"name":"(anonymous_3)","decl":{"start":{"line":17,"column":2},"end":{"line":17,"column":3}},"loc":{"start":{"line":17,"column":15},"end":{"line":19,"column":3}},"line":17},"4":{"name":"(anonymous_4)","decl":{"start":{"line":21,"column":2},"end":{"line":21,"column":3}},"loc":{"start":{"line":21,"column":17},"end":{"line":23,"column":3}},"line":21},"5":{"name":"(anonymous_5)","decl":{"start":{"line":25,"column":2},"end":{"line":25,"column":3}},"loc":{"start":{"line":25,"column":25},"end":{"line":27,"column":3}},"line":25},"6":{"name":"(anonymous_6)","decl":{"start":{"line":29,"column":2},"end":{"line":29,"column":3}},"loc":{"start":{"line":29,"column":26},"end":{"line":31,"column":3}},"line":29},"7":{"name":"(anonymous_7)","decl":{"start":{"line":33,"column":2},"end":{"line":33,"column":3}},"loc":{"start":{"line":33,"column":18},"end":{"line":35,"column":3}},"line":33},"8":{"name":"(anonymous_8)","decl":{"start":{"line":37,"column":2},"end":{"line":37,"column":3}},"loc":{"start":{"line":37,"column":19},"end":{"line":39,"column":3}},"line":37},"9":{"name":"(anonymous_9)","decl":{"start":{"line":41,"column":2},"end":{"line":41,"column":3}},"loc":{"start":{"line":41,"column":26},"end":{"line":43,"column":3}},"line":41}},"branchMap":{"0":{"loc":{"start":{"line":4,"column":14},"end":{"line":4,"column":27}},"type":"default-arg","locations":[{"start":{"line":4,"column":21},"end":{"line":4,"column":27}}],"line":4}},"s":{"0":137,"1":137,"2":2,"3":1,"4":2,"5":1,"6":424,"7":316,"8":121,"9":118,"10":1},"f":{"0":137,"1":2,"2":1,"3":2,"4":1,"5":424,"6":316,"7":121,"8":118,"9":1},"b":{"0":[14]},"_coverageSchema":"1a1c01bbd47fc00a2c39e90264f33305004495a9","hash":"32d3b4eaaa935bdf44b08973d6d56936b0300f5b"}
,"C:\\Users\\Ольга\\Documents\\Учеба\\Верстка\\FSD_4\\src\\view\\subviews\\track\\track.js": {"path":"C:\\Users\\Ольга\\Documents\\Учеба\\Верстка\\FSD_4\\src\\view\\subviews\\track\\track.js","statementMap":{"0":{"start":{"line":5,"column":4},"end":{"line":5,"column":21}},"1":{"start":{"line":6,"column":4},"end":{"line":6,"column":65}},"2":{"start":{"line":7,"column":4},"end":{"line":7,"column":31}},"3":{"start":{"line":11,"column":4},"end":{"line":11,"column":21}},"4":{"start":{"line":15,"column":4},"end":{"line":17,"column":7}},"5":{"start":{"line":16,"column":6},"end":{"line":16,"column":63}}},"fnMap":{"0":{"name":"(anonymous_0)","decl":{"start":{"line":4,"column":2},"end":{"line":4,"column":3}},"loc":{"start":{"line":4,"column":16},"end":{"line":8,"column":3}},"line":4},"1":{"name":"(anonymous_1)","decl":{"start":{"line":10,"column":2},"end":{"line":10,"column":3}},"loc":{"start":{"line":10,"column":21},"end":{"line":12,"column":3}},"line":10},"2":{"name":"(anonymous_2)","decl":{"start":{"line":14,"column":2},"end":{"line":14,"column":3}},"loc":{"start":{"line":14,"column":24},"end":{"line":18,"column":3}},"line":14},"3":{"name":"(anonymous_3)","decl":{"start":{"line":15,"column":45},"end":{"line":15,"column":46}},"loc":{"start":{"line":15,"column":56},"end":{"line":17,"column":5}},"line":15}},"branchMap":{},"s":{"0":88,"1":88,"2":88,"3":87,"4":88,"5":1},"f":{"0":88,"1":87,"2":88,"3":1},"b":{},"_coverageSchema":"1a1c01bbd47fc00a2c39e90264f33305004495a9","hash":"cfd32e7fe7282d4d9af8990371e3a3384f245d53"}
,"C:\\Users\\Ольга\\Documents\\Учеба\\Верстка\\FSD_4\\src\\view\\subviews\\valueLabel\\valueLabel.js": {"path":"C:\\Users\\Ольга\\Documents\\Учеба\\Верстка\\FSD_4\\src\\view\\subviews\\valueLabel\\valueLabel.js","statementMap":{"0":{"start":{"line":6,"column":4},"end":{"line":6,"column":16}},"1":{"start":{"line":7,"column":4},"end":{"line":7,"column":142}},"2":{"start":{"line":11,"column":4},"end":{"line":11,"column":38}},"3":{"start":{"line":15,"column":4},"end":{"line":15,"column":37}},"4":{"start":{"line":19,"column":4},"end":{"line":19,"column":39}},"5":{"start":{"line":23,"column":4},"end":{"line":23,"column":38}},"6":{"start":{"line":27,"column":4},"end":{"line":29,"column":5}},"7":{"start":{"line":28,"column":6},"end":{"line":28,"column":161}},"8":{"start":{"line":30,"column":4},"end":{"line":32,"column":5}},"9":{"start":{"line":31,"column":6},"end":{"line":31,"column":117}},"10":{"start":{"line":33,"column":4},"end":{"line":35,"column":5}},"11":{"start":{"line":34,"column":6},"end":{"line":34,"column":161}}},"fnMap":{"0":{"name":"(anonymous_0)","decl":{"start":{"line":5,"column":2},"end":{"line":5,"column":3}},"loc":{"start":{"line":5,"column":29},"end":{"line":8,"column":3}},"line":5},"1":{"name":"(anonymous_1)","decl":{"start":{"line":10,"column":2},"end":{"line":10,"column":3}},"loc":{"start":{"line":10,"column":23},"end":{"line":12,"column":3}},"line":10},"2":{"name":"(anonymous_2)","decl":{"start":{"line":14,"column":2},"end":{"line":14,"column":3}},"loc":{"start":{"line":14,"column":18},"end":{"line":16,"column":3}},"line":14},"3":{"name":"(anonymous_3)","decl":{"start":{"line":18,"column":2},"end":{"line":18,"column":3}},"loc":{"start":{"line":18,"column":24},"end":{"line":20,"column":3}},"line":18},"4":{"name":"(anonymous_4)","decl":{"start":{"line":22,"column":2},"end":{"line":22,"column":3}},"loc":{"start":{"line":22,"column":19},"end":{"line":24,"column":3}},"line":22},"5":{"name":"(anonymous_5)","decl":{"start":{"line":26,"column":2},"end":{"line":26,"column":3}},"loc":{"start":{"line":26,"column":27},"end":{"line":36,"column":3}},"line":26}},"branchMap":{"0":{"loc":{"start":{"line":5,"column":14},"end":{"line":5,"column":27}},"type":"default-arg","locations":[{"start":{"line":5,"column":21},"end":{"line":5,"column":27}}],"line":5},"1":{"loc":{"start":{"line":27,"column":4},"end":{"line":29,"column":5}},"type":"if","locations":[{"start":{"line":27,"column":4},"end":{"line":29,"column":5}},{"start":{"line":27,"column":4},"end":{"line":29,"column":5}}],"line":27},"2":{"loc":{"start":{"line":30,"column":4},"end":{"line":32,"column":5}},"type":"if","locations":[{"start":{"line":30,"column":4},"end":{"line":32,"column":5}},{"start":{"line":30,"column":4},"end":{"line":32,"column":5}}],"line":30},"3":{"loc":{"start":{"line":33,"column":4},"end":{"line":35,"column":5}},"type":"if","locations":[{"start":{"line":33,"column":4},"end":{"line":35,"column":5}},{"start":{"line":33,"column":4},"end":{"line":35,"column":5}}],"line":33}},"s":{"0":57,"1":57,"2":12,"3":8,"4":2,"5":1,"6":51,"7":19,"8":51,"9":16,"10":51,"11":16},"f":{"0":57,"1":12,"2":8,"3":2,"4":1,"5":51},"b":{"0":[7],"1":[19,32],"2":[16,35],"3":[16,35]},"_coverageSchema":"1a1c01bbd47fc00a2c39e90264f33305004495a9","hash":"b0bcf8e5d27b09344cafba5b68ff3c118976cfea"}
}
