{"C:\\Users\\Ольга\\Documents\\Учеба\\Верстка\\FSD_4\\src\\model\\model.js": {"path":"C:\\Users\\Ольга\\Documents\\Учеба\\Верстка\\FSD_4\\src\\model\\model.js","statementMap":{"0":{"start":{"line":3,"column":6},"end":{"line":3,"column":34}},"1":{"start":{"line":4,"column":6},"end":{"line":4,"column":36}},"2":{"start":{"line":5,"column":6},"end":{"line":5,"column":47}},"3":{"start":{"line":6,"column":6},"end":{"line":6,"column":36}},"4":{"start":{"line":7,"column":6},"end":{"line":12,"column":7}},"5":{"start":{"line":8,"column":8},"end":{"line":8,"column":51}},"6":{"start":{"line":9,"column":8},"end":{"line":9,"column":28}},"7":{"start":{"line":11,"column":8},"end":{"line":11,"column":29}},"8":{"start":{"line":16,"column":6},"end":{"line":19,"column":7}},"9":{"start":{"line":17,"column":8},"end":{"line":17,"column":34}},"10":{"start":{"line":18,"column":8},"end":{"line":18,"column":15}},"11":{"start":{"line":21,"column":6},"end":{"line":23,"column":7}},"12":{"start":{"line":22,"column":8},"end":{"line":22,"column":51}},"13":{"start":{"line":25,"column":6},"end":{"line":27,"column":7}},"14":{"start":{"line":26,"column":8},"end":{"line":26,"column":58}},"15":{"start":{"line":31,"column":6},"end":{"line":35,"column":7}},"16":{"start":{"line":32,"column":8},"end":{"line":32,"column":35}},"17":{"start":{"line":34,"column":8},"end":{"line":34,"column":58}}},"fnMap":{"0":{"name":"(anonymous_0)","decl":{"start":{"line":2,"column":4},"end":{"line":2,"column":5}},"loc":{"start":{"line":2,"column":30},"end":{"line":13,"column":5}},"line":2},"1":{"name":"(anonymous_1)","decl":{"start":{"line":15,"column":4},"end":{"line":15,"column":5}},"loc":{"start":{"line":15,"column":24},"end":{"line":28,"column":5}},"line":15},"2":{"name":"(anonymous_2)","decl":{"start":{"line":30,"column":4},"end":{"line":30,"column":5}},"loc":{"start":{"line":30,"column":25},"end":{"line":36,"column":5}},"line":30}},"branchMap":{"0":{"loc":{"start":{"line":2,"column":16},"end":{"line":2,"column":28}},"type":"default-arg","locations":[{"start":{"line":2,"column":26},"end":{"line":2,"column":28}}],"line":2},"1":{"loc":{"start":{"line":3,"column":17},"end":{"line":3,"column":33}},"type":"binary-expr","locations":[{"start":{"line":3,"column":17},"end":{"line":3,"column":28}},{"start":{"line":3,"column":32},"end":{"line":3,"column":33}}],"line":3},"2":{"loc":{"start":{"line":4,"column":17},"end":{"line":4,"column":35}},"type":"binary-expr","locations":[{"start":{"line":4,"column":17},"end":{"line":4,"column":28}},{"start":{"line":4,"column":32},"end":{"line":4,"column":35}}],"line":4},"3":{"loc":{"start":{"line":5,"column":23},"end":{"line":5,"column":46}},"type":"binary-expr","locations":[{"start":{"line":5,"column":23},"end":{"line":5,"column":40}},{"start":{"line":5,"column":44},"end":{"line":5,"column":46}}],"line":5},"4":{"loc":{"start":{"line":6,"column":18},"end":{"line":6,"column":35}},"type":"binary-expr","locations":[{"start":{"line":6,"column":18},"end":{"line":6,"column":30}},{"start":{"line":6,"column":34},"end":{"line":6,"column":35}}],"line":6},"5":{"loc":{"start":{"line":7,"column":6},"end":{"line":12,"column":7}},"type":"if","locations":[{"start":{"line":7,"column":6},"end":{"line":12,"column":7}},{"start":{"line":7,"column":6},"end":{"line":12,"column":7}}],"line":7},"6":{"loc":{"start":{"line":8,"column":26},"end":{"line":8,"column":50}},"type":"binary-expr","locations":[{"start":{"line":8,"column":26},"end":{"line":8,"column":44}},{"start":{"line":8,"column":48},"end":{"line":8,"column":50}}],"line":8},"7":{"loc":{"start":{"line":16,"column":6},"end":{"line":19,"column":7}},"type":"if","locations":[{"start":{"line":16,"column":6},"end":{"line":19,"column":7}},{"start":{"line":16,"column":6},"end":{"line":19,"column":7}}],"line":16},"8":{"loc":{"start":{"line":21,"column":6},"end":{"line":23,"column":7}},"type":"if","locations":[{"start":{"line":21,"column":6},"end":{"line":23,"column":7}},{"start":{"line":21,"column":6},"end":{"line":23,"column":7}}],"line":21},"9":{"loc":{"start":{"line":25,"column":6},"end":{"line":27,"column":7}},"type":"if","locations":[{"start":{"line":25,"column":6},"end":{"line":27,"column":7}},{"start":{"line":25,"column":6},"end":{"line":27,"column":7}}],"line":25},"10":{"loc":{"start":{"line":31,"column":6},"end":{"line":35,"column":7}},"type":"if","locations":[{"start":{"line":31,"column":6},"end":{"line":35,"column":7}},{"start":{"line":31,"column":6},"end":{"line":35,"column":7}}],"line":31}},"s":{"0":24,"1":24,"2":24,"3":24,"4":24,"5":10,"6":10,"7":14,"8":4,"9":1,"10":1,"11":3,"12":2,"13":3,"14":1,"15":4,"16":1,"17":3},"f":{"0":24,"1":4,"2":4},"b":{"0":[8],"1":[24,22],"2":[24,21],"3":[24,22],"4":[24,23],"5":[10,14],"6":[10,8],"7":[1,3],"8":[2,1],"9":[1,2],"10":[1,3]},"_coverageSchema":"1a1c01bbd47fc00a2c39e90264f33305004495a9","hash":"310474e5b51c0a5439b077da87b29d9a2374a442"}
,"C:\\Users\\Ольга\\Documents\\Учеба\\Верстка\\FSD_4\\src\\presenter\\presenter.js": {"path":"C:\\Users\\Ольга\\Documents\\Учеба\\Верстка\\FSD_4\\src\\presenter\\presenter.js","statementMap":{"0":{"start":{"line":3,"column":6},"end":{"line":3,"column":25}},"1":{"start":{"line":4,"column":6},"end":{"line":4,"column":23}},"2":{"start":{"line":6,"column":6},"end":{"line":6,"column":34}},"3":{"start":{"line":7,"column":6},"end":{"line":7,"column":34}},"4":{"start":{"line":8,"column":6},"end":{"line":8,"column":41}},"5":{"start":{"line":9,"column":6},"end":{"line":9,"column":31}},"6":{"start":{"line":11,"column":6},"end":{"line":13,"column":7}},"7":{"start":{"line":12,"column":8},"end":{"line":12,"column":45}},"8":{"start":{"line":17,"column":6},"end":{"line":17,"column":37}},"9":{"start":{"line":18,"column":6},"end":{"line":18,"column":51}},"10":{"start":{"line":22,"column":6},"end":{"line":22,"column":38}},"11":{"start":{"line":23,"column":6},"end":{"line":23,"column":53}}},"fnMap":{"0":{"name":"(anonymous_0)","decl":{"start":{"line":2,"column":4},"end":{"line":2,"column":5}},"loc":{"start":{"line":2,"column":29},"end":{"line":14,"column":5}},"line":2},"1":{"name":"(anonymous_1)","decl":{"start":{"line":16,"column":4},"end":{"line":16,"column":5}},"loc":{"start":{"line":16,"column":27},"end":{"line":19,"column":5}},"line":16},"2":{"name":"(anonymous_2)","decl":{"start":{"line":21,"column":4},"end":{"line":21,"column":5}},"loc":{"start":{"line":21,"column":28},"end":{"line":24,"column":5}},"line":21}},"branchMap":{"0":{"loc":{"start":{"line":11,"column":6},"end":{"line":13,"column":7}},"type":"if","locations":[{"start":{"line":11,"column":6},"end":{"line":13,"column":7}},{"start":{"line":11,"column":6},"end":{"line":13,"column":7}}],"line":11}},"s":{"0":8,"1":8,"2":8,"3":8,"4":8,"5":8,"6":8,"7":3,"8":2,"9":2,"10":2,"11":2},"f":{"0":8,"1":2,"2":2},"b":{"0":[3,5]},"_coverageSchema":"1a1c01bbd47fc00a2c39e90264f33305004495a9","hash":"0eda4a5778c1ede59d881982d34e530197481ee3"}
,"C:\\Users\\Ольга\\Documents\\Учеба\\Верстка\\FSD_4\\src\\view\\view.js": {"path":"C:\\Users\\Ольга\\Documents\\Учеба\\Верстка\\FSD_4\\src\\view\\view.js","statementMap":{"0":{"start":{"line":11,"column":4},"end":{"line":11,"column":26}},"1":{"start":{"line":13,"column":4},"end":{"line":13,"column":31}},"2":{"start":{"line":15,"column":4},"end":{"line":15,"column":39}},"3":{"start":{"line":16,"column":4},"end":{"line":16,"column":38}},"4":{"start":{"line":18,"column":4},"end":{"line":18,"column":31}},"5":{"start":{"line":19,"column":4},"end":{"line":19,"column":29}},"6":{"start":{"line":20,"column":4},"end":{"line":20,"column":29}},"7":{"start":{"line":22,"column":4},"end":{"line":22,"column":39}},"8":{"start":{"line":24,"column":4},"end":{"line":24,"column":93}},"9":{"start":{"line":25,"column":4},"end":{"line":25,"column":75}},"10":{"start":{"line":27,"column":4},"end":{"line":39,"column":5}},"11":{"start":{"line":28,"column":6},"end":{"line":28,"column":43}},"12":{"start":{"line":29,"column":6},"end":{"line":29,"column":41}},"13":{"start":{"line":30,"column":6},"end":{"line":30,"column":43}},"14":{"start":{"line":32,"column":6},"end":{"line":32,"column":52}},"15":{"start":{"line":33,"column":6},"end":{"line":33,"column":55}},"16":{"start":{"line":35,"column":6},"end":{"line":35,"column":26}},"17":{"start":{"line":37,"column":6},"end":{"line":37,"column":27}},"18":{"start":{"line":38,"column":6},"end":{"line":38,"column":34}},"19":{"start":{"line":41,"column":4},"end":{"line":46,"column":5}},"20":{"start":{"line":42,"column":6},"end":{"line":42,"column":46}},"21":{"start":{"line":43,"column":6},"end":{"line":43,"column":47}},"22":{"start":{"line":45,"column":6},"end":{"line":45,"column":78}},"23":{"start":{"line":48,"column":4},"end":{"line":66,"column":5}},"24":{"start":{"line":49,"column":6},"end":{"line":49,"column":51}},"25":{"start":{"line":50,"column":6},"end":{"line":50,"column":53}},"26":{"start":{"line":51,"column":6},"end":{"line":51,"column":55}},"27":{"start":{"line":53,"column":6},"end":{"line":53,"column":59}},"28":{"start":{"line":55,"column":6},"end":{"line":64,"column":7}},"29":{"start":{"line":56,"column":8},"end":{"line":56,"column":95}},"30":{"start":{"line":59,"column":8},"end":{"line":63,"column":11}},"31":{"start":{"line":60,"column":10},"end":{"line":62,"column":11}},"32":{"start":{"line":61,"column":12},"end":{"line":61,"column":31}},"33":{"start":{"line":68,"column":4},"end":{"line":86,"column":5}},"34":{"start":{"line":69,"column":6},"end":{"line":69,"column":60}},"35":{"start":{"line":70,"column":6},"end":{"line":70,"column":27}},"36":{"start":{"line":72,"column":6},"end":{"line":78,"column":7}},"37":{"start":{"line":74,"column":8},"end":{"line":76,"column":11}},"38":{"start":{"line":75,"column":10},"end":{"line":75,"column":52}},"39":{"start":{"line":80,"column":6},"end":{"line":85,"column":7}},"40":{"start":{"line":82,"column":8},"end":{"line":84,"column":11}},"41":{"start":{"line":83,"column":10},"end":{"line":83,"column":50}},"42":{"start":{"line":88,"column":4},"end":{"line":104,"column":5}},"43":{"start":{"line":90,"column":6},"end":{"line":94,"column":9}},"44":{"start":{"line":91,"column":8},"end":{"line":93,"column":9}},"45":{"start":{"line":92,"column":10},"end":{"line":92,"column":38}},"46":{"start":{"line":96,"column":6},"end":{"line":103,"column":7}},"47":{"start":{"line":98,"column":8},"end":{"line":102,"column":11}},"48":{"start":{"line":99,"column":10},"end":{"line":101,"column":11}},"49":{"start":{"line":100,"column":12},"end":{"line":100,"column":40}},"50":{"start":{"line":108,"column":4},"end":{"line":108,"column":31}},"51":{"start":{"line":112,"column":4},"end":{"line":112,"column":36}},"52":{"start":{"line":113,"column":4},"end":{"line":115,"column":5}},"53":{"start":{"line":114,"column":6},"end":{"line":114,"column":39}},"54":{"start":{"line":116,"column":4},"end":{"line":118,"column":5}},"55":{"start":{"line":117,"column":6},"end":{"line":117,"column":34}},"56":{"start":{"line":122,"column":4},"end":{"line":122,"column":36}},"57":{"start":{"line":123,"column":4},"end":{"line":125,"column":5}},"58":{"start":{"line":124,"column":6},"end":{"line":124,"column":39}},"59":{"start":{"line":126,"column":4},"end":{"line":128,"column":5}},"60":{"start":{"line":127,"column":6},"end":{"line":127,"column":34}},"61":{"start":{"line":132,"column":4},"end":{"line":132,"column":33}},"62":{"start":{"line":133,"column":4},"end":{"line":135,"column":5}},"63":{"start":{"line":134,"column":6},"end":{"line":134,"column":36}},"64":{"start":{"line":139,"column":4},"end":{"line":139,"column":35}},"65":{"start":{"line":141,"column":4},"end":{"line":141,"column":37}},"66":{"start":{"line":143,"column":4},"end":{"line":162,"column":5}},"67":{"start":{"line":144,"column":6},"end":{"line":144,"column":42}},"68":{"start":{"line":145,"column":6},"end":{"line":145,"column":74}},"69":{"start":{"line":147,"column":6},"end":{"line":161,"column":7}},"70":{"start":{"line":148,"column":8},"end":{"line":148,"column":85}},"71":{"start":{"line":150,"column":8},"end":{"line":154,"column":9}},"72":{"start":{"line":151,"column":10},"end":{"line":151,"column":29}},"73":{"start":{"line":153,"column":10},"end":{"line":153,"column":29}},"74":{"start":{"line":156,"column":8},"end":{"line":160,"column":9}},"75":{"start":{"line":157,"column":10},"end":{"line":157,"column":40}},"76":{"start":{"line":159,"column":10},"end":{"line":159,"column":38}},"77":{"start":{"line":164,"column":4},"end":{"line":178,"column":5}},"78":{"start":{"line":165,"column":6},"end":{"line":169,"column":7}},"79":{"start":{"line":166,"column":8},"end":{"line":166,"column":36}},"80":{"start":{"line":168,"column":8},"end":{"line":168,"column":36}},"81":{"start":{"line":171,"column":6},"end":{"line":177,"column":7}},"82":{"start":{"line":172,"column":8},"end":{"line":176,"column":9}},"83":{"start":{"line":173,"column":10},"end":{"line":173,"column":38}},"84":{"start":{"line":175,"column":10},"end":{"line":175,"column":38}},"85":{"start":{"line":180,"column":4},"end":{"line":182,"column":5}},"86":{"start":{"line":181,"column":6},"end":{"line":181,"column":46}},"87":{"start":{"line":186,"column":4},"end":{"line":186,"column":36}},"88":{"start":{"line":188,"column":4},"end":{"line":188,"column":38}},"89":{"start":{"line":190,"column":4},"end":{"line":200,"column":5}},"90":{"start":{"line":191,"column":6},"end":{"line":191,"column":43}},"91":{"start":{"line":192,"column":6},"end":{"line":192,"column":80}},"92":{"start":{"line":193,"column":6},"end":{"line":193,"column":78}},"93":{"start":{"line":195,"column":6},"end":{"line":199,"column":7}},"94":{"start":{"line":196,"column":8},"end":{"line":196,"column":27}},"95":{"start":{"line":198,"column":8},"end":{"line":198,"column":27}},"96":{"start":{"line":202,"column":4},"end":{"line":208,"column":5}},"97":{"start":{"line":203,"column":6},"end":{"line":207,"column":7}},"98":{"start":{"line":204,"column":8},"end":{"line":204,"column":36}},"99":{"start":{"line":206,"column":8},"end":{"line":206,"column":36}},"100":{"start":{"line":210,"column":4},"end":{"line":212,"column":5}},"101":{"start":{"line":211,"column":6},"end":{"line":211,"column":46}},"102":{"start":{"line":216,"column":14},"end":{"line":216,"column":47}},"103":{"start":{"line":217,"column":14},"end":{"line":217,"column":47}},"104":{"start":{"line":219,"column":18},"end":{"line":219,"column":53}},"105":{"start":{"line":221,"column":4},"end":{"line":221,"column":42}},"106":{"start":{"line":223,"column":4},"end":{"line":225,"column":5}},"107":{"start":{"line":224,"column":6},"end":{"line":224,"column":47}},"108":{"start":{"line":227,"column":4},"end":{"line":229,"column":5}},"109":{"start":{"line":228,"column":6},"end":{"line":228,"column":40}},"110":{"start":{"line":233,"column":14},"end":{"line":233,"column":48}},"111":{"start":{"line":234,"column":14},"end":{"line":234,"column":48}},"112":{"start":{"line":236,"column":18},"end":{"line":236,"column":59}},"113":{"start":{"line":238,"column":4},"end":{"line":238,"column":44}},"114":{"start":{"line":239,"column":4},"end":{"line":239,"column":39}},"115":{"start":{"line":243,"column":4},"end":{"line":243,"column":38}},"116":{"start":{"line":244,"column":4},"end":{"line":244,"column":39}},"117":{"start":{"line":245,"column":4},"end":{"line":245,"column":40}},"118":{"start":{"line":247,"column":45},"end":{"line":247,"column":136}},"119":{"start":{"line":248,"column":4},"end":{"line":248,"column":136}},"120":{"start":{"line":252,"column":4},"end":{"line":252,"column":40}},"121":{"start":{"line":253,"column":4},"end":{"line":253,"column":38}},"122":{"start":{"line":254,"column":4},"end":{"line":254,"column":39}},"123":{"start":{"line":258,"column":4},"end":{"line":263,"column":5}},"124":{"start":{"line":259,"column":26},"end":{"line":259,"column":75}},"125":{"start":{"line":260,"column":27},"end":{"line":260,"column":76}},"126":{"start":{"line":262,"column":6},"end":{"line":262,"column":54}},"127":{"start":{"line":266,"column":4},"end":{"line":271,"column":5}},"128":{"start":{"line":267,"column":28},"end":{"line":267,"column":75}},"129":{"start":{"line":268,"column":25},"end":{"line":268,"column":76}},"130":{"start":{"line":270,"column":6},"end":{"line":270,"column":54}},"131":{"start":{"line":275,"column":4},"end":{"line":275,"column":43}},"132":{"start":{"line":276,"column":4},"end":{"line":276,"column":43}},"133":{"start":{"line":280,"column":4},"end":{"line":280,"column":49}},"134":{"start":{"line":281,"column":4},"end":{"line":284,"column":5}},"135":{"start":{"line":282,"column":6},"end":{"line":282,"column":52}},"136":{"start":{"line":283,"column":6},"end":{"line":283,"column":53}},"137":{"start":{"line":291,"column":4},"end":{"line":296,"column":5}},"138":{"start":{"line":292,"column":6},"end":{"line":292,"column":71}},"139":{"start":{"line":293,"column":6},"end":{"line":293,"column":65}},"140":{"start":{"line":295,"column":6},"end":{"line":295,"column":52}},"141":{"start":{"line":298,"column":4},"end":{"line":303,"column":5}},"142":{"start":{"line":299,"column":6},"end":{"line":299,"column":73}},"143":{"start":{"line":300,"column":6},"end":{"line":300,"column":63}},"144":{"start":{"line":302,"column":6},"end":{"line":302,"column":52}},"145":{"start":{"line":310,"column":4},"end":{"line":315,"column":5}},"146":{"start":{"line":311,"column":6},"end":{"line":311,"column":72}},"147":{"start":{"line":312,"column":6},"end":{"line":312,"column":64}},"148":{"start":{"line":314,"column":6},"end":{"line":314,"column":52}},"149":{"start":{"line":317,"column":4},"end":{"line":322,"column":5}},"150":{"start":{"line":318,"column":6},"end":{"line":318,"column":70}},"151":{"start":{"line":319,"column":6},"end":{"line":319,"column":66}},"152":{"start":{"line":321,"column":6},"end":{"line":321,"column":52}},"153":{"start":{"line":329,"column":4},"end":{"line":334,"column":5}},"154":{"start":{"line":330,"column":6},"end":{"line":330,"column":74}},"155":{"start":{"line":331,"column":6},"end":{"line":331,"column":64}},"156":{"start":{"line":333,"column":6},"end":{"line":333,"column":53}},"157":{"start":{"line":336,"column":4},"end":{"line":341,"column":5}},"158":{"start":{"line":337,"column":6},"end":{"line":337,"column":72}},"159":{"start":{"line":338,"column":6},"end":{"line":338,"column":66}},"160":{"start":{"line":340,"column":6},"end":{"line":340,"column":53}},"161":{"start":{"line":345,"column":4},"end":{"line":345,"column":42}},"162":{"start":{"line":349,"column":4},"end":{"line":349,"column":43}},"163":{"start":{"line":353,"column":4},"end":{"line":355,"column":5}},"164":{"start":{"line":354,"column":6},"end":{"line":354,"column":32}},"165":{"start":{"line":356,"column":4},"end":{"line":358,"column":5}},"166":{"start":{"line":357,"column":6},"end":{"line":357,"column":33}},"167":{"start":{"line":362,"column":4},"end":{"line":364,"column":5}},"168":{"start":{"line":363,"column":6},"end":{"line":363,"column":35}},"169":{"start":{"line":365,"column":4},"end":{"line":367,"column":5}},"170":{"start":{"line":366,"column":6},"end":{"line":366,"column":36}},"171":{"start":{"line":371,"column":4},"end":{"line":373,"column":5}},"172":{"start":{"line":372,"column":6},"end":{"line":372,"column":34}},"173":{"start":{"line":374,"column":4},"end":{"line":376,"column":5}},"174":{"start":{"line":375,"column":6},"end":{"line":375,"column":35}},"175":{"start":{"line":380,"column":4},"end":{"line":382,"column":5}},"176":{"start":{"line":381,"column":6},"end":{"line":381,"column":36}},"177":{"start":{"line":383,"column":4},"end":{"line":385,"column":5}},"178":{"start":{"line":384,"column":6},"end":{"line":384,"column":37}}},"fnMap":{"0":{"name":"(anonymous_0)","decl":{"start":{"line":10,"column":2},"end":{"line":10,"column":3}},"loc":{"start":{"line":10,"column":39},"end":{"line":105,"column":3}},"line":10},"1":{"name":"(anonymous_1)","decl":{"start":{"line":59,"column":19},"end":{"line":59,"column":20}},"loc":{"start":{"line":59,"column":25},"end":{"line":63,"column":9}},"line":59},"2":{"name":"(anonymous_2)","decl":{"start":{"line":74,"column":19},"end":{"line":74,"column":20}},"loc":{"start":{"line":74,"column":25},"end":{"line":76,"column":9}},"line":74},"3":{"name":"(anonymous_3)","decl":{"start":{"line":82,"column":19},"end":{"line":82,"column":20}},"loc":{"start":{"line":82,"column":25},"end":{"line":84,"column":9}},"line":82},"4":{"name":"(anonymous_4)","decl":{"start":{"line":90,"column":17},"end":{"line":90,"column":18}},"loc":{"start":{"line":90,"column":23},"end":{"line":94,"column":7}},"line":90},"5":{"name":"(anonymous_5)","decl":{"start":{"line":98,"column":19},"end":{"line":98,"column":20}},"loc":{"start":{"line":98,"column":25},"end":{"line":102,"column":9}},"line":98},"6":{"name":"(anonymous_6)","decl":{"start":{"line":107,"column":2},"end":{"line":107,"column":3}},"loc":{"start":{"line":107,"column":25},"end":{"line":109,"column":3}},"line":107},"7":{"name":"(anonymous_7)","decl":{"start":{"line":111,"column":2},"end":{"line":111,"column":3}},"loc":{"start":{"line":111,"column":19},"end":{"line":119,"column":3}},"line":111},"8":{"name":"(anonymous_8)","decl":{"start":{"line":121,"column":2},"end":{"line":121,"column":3}},"loc":{"start":{"line":121,"column":19},"end":{"line":129,"column":3}},"line":121},"9":{"name":"(anonymous_9)","decl":{"start":{"line":131,"column":2},"end":{"line":131,"column":3}},"loc":{"start":{"line":131,"column":16},"end":{"line":136,"column":3}},"line":131},"10":{"name":"(anonymous_10)","decl":{"start":{"line":138,"column":2},"end":{"line":138,"column":3}},"loc":{"start":{"line":138,"column":22},"end":{"line":183,"column":3}},"line":138},"11":{"name":"(anonymous_11)","decl":{"start":{"line":185,"column":2},"end":{"line":185,"column":3}},"loc":{"start":{"line":185,"column":23},"end":{"line":213,"column":3}},"line":185},"12":{"name":"(anonymous_12)","decl":{"start":{"line":215,"column":2},"end":{"line":215,"column":3}},"loc":{"start":{"line":215,"column":30},"end":{"line":230,"column":3}},"line":215},"13":{"name":"(anonymous_13)","decl":{"start":{"line":232,"column":2},"end":{"line":232,"column":3}},"loc":{"start":{"line":232,"column":31},"end":{"line":240,"column":3}},"line":232},"14":{"name":"(anonymous_14)","decl":{"start":{"line":242,"column":2},"end":{"line":242,"column":3}},"loc":{"start":{"line":242,"column":16},"end":{"line":249,"column":3}},"line":242},"15":{"name":"(anonymous_15)","decl":{"start":{"line":251,"column":2},"end":{"line":251,"column":3}},"loc":{"start":{"line":251,"column":16},"end":{"line":255,"column":3}},"line":251},"16":{"name":"(anonymous_16)","decl":{"start":{"line":257,"column":2},"end":{"line":257,"column":3}},"loc":{"start":{"line":257,"column":26},"end":{"line":272,"column":3}},"line":257},"17":{"name":"(anonymous_17)","decl":{"start":{"line":274,"column":2},"end":{"line":274,"column":3}},"loc":{"start":{"line":274,"column":39},"end":{"line":277,"column":3}},"line":274},"18":{"name":"(anonymous_18)","decl":{"start":{"line":279,"column":2},"end":{"line":279,"column":3}},"loc":{"start":{"line":279,"column":37},"end":{"line":285,"column":3}},"line":279},"19":{"name":"(anonymous_19)","decl":{"start":{"line":287,"column":2},"end":{"line":287,"column":3}},"loc":{"start":{"line":287,"column":36},"end":{"line":304,"column":3}},"line":287},"20":{"name":"(anonymous_20)","decl":{"start":{"line":306,"column":2},"end":{"line":306,"column":3}},"loc":{"start":{"line":306,"column":36},"end":{"line":323,"column":3}},"line":306},"21":{"name":"(anonymous_21)","decl":{"start":{"line":325,"column":2},"end":{"line":325,"column":3}},"loc":{"start":{"line":325,"column":37},"end":{"line":342,"column":3}},"line":325},"22":{"name":"(anonymous_22)","decl":{"start":{"line":344,"column":2},"end":{"line":344,"column":3}},"loc":{"start":{"line":344,"column":25},"end":{"line":346,"column":3}},"line":344},"23":{"name":"(anonymous_23)","decl":{"start":{"line":348,"column":2},"end":{"line":348,"column":3}},"loc":{"start":{"line":348,"column":26},"end":{"line":350,"column":3}},"line":348},"24":{"name":"(anonymous_24)","decl":{"start":{"line":352,"column":2},"end":{"line":352,"column":3}},"loc":{"start":{"line":352,"column":38},"end":{"line":359,"column":3}},"line":352},"25":{"name":"(anonymous_25)","decl":{"start":{"line":361,"column":2},"end":{"line":361,"column":3}},"loc":{"start":{"line":361,"column":37},"end":{"line":368,"column":3}},"line":361},"26":{"name":"(anonymous_26)","decl":{"start":{"line":370,"column":2},"end":{"line":370,"column":3}},"loc":{"start":{"line":370,"column":38},"end":{"line":377,"column":3}},"line":370},"27":{"name":"(anonymous_27)","decl":{"start":{"line":379,"column":2},"end":{"line":379,"column":3}},"loc":{"start":{"line":379,"column":36},"end":{"line":386,"column":3}},"line":379}},"branchMap":{"0":{"loc":{"start":{"line":10,"column":25},"end":{"line":10,"column":37}},"type":"default-arg","locations":[{"start":{"line":10,"column":35},"end":{"line":10,"column":37}}],"line":10},"1":{"loc":{"start":{"line":27,"column":4},"end":{"line":39,"column":5}},"type":"if","locations":[{"start":{"line":27,"column":4},"end":{"line":39,"column":5}},{"start":{"line":27,"column":4},"end":{"line":39,"column":5}}],"line":27},"2":{"loc":{"start":{"line":41,"column":4},"end":{"line":46,"column":5}},"type":"if","locations":[{"start":{"line":41,"column":4},"end":{"line":46,"column":5}},{"start":{"line":41,"column":4},"end":{"line":46,"column":5}}],"line":41},"3":{"loc":{"start":{"line":48,"column":4},"end":{"line":66,"column":5}},"type":"if","locations":[{"start":{"line":48,"column":4},"end":{"line":66,"column":5}},{"start":{"line":48,"column":4},"end":{"line":66,"column":5}}],"line":48},"4":{"loc":{"start":{"line":55,"column":6},"end":{"line":64,"column":7}},"type":"if","locations":[{"start":{"line":55,"column":6},"end":{"line":64,"column":7}},{"start":{"line":55,"column":6},"end":{"line":64,"column":7}}],"line":55},"5":{"loc":{"start":{"line":60,"column":10},"end":{"line":62,"column":11}},"type":"if","locations":[{"start":{"line":60,"column":10},"end":{"line":62,"column":11}},{"start":{"line":60,"column":10},"end":{"line":62,"column":11}}],"line":60},"6":{"loc":{"start":{"line":68,"column":4},"end":{"line":86,"column":5}},"type":"if","locations":[{"start":{"line":68,"column":4},"end":{"line":86,"column":5}},{"start":{"line":68,"column":4},"end":{"line":86,"column":5}}],"line":68},"7":{"loc":{"start":{"line":72,"column":6},"end":{"line":78,"column":7}},"type":"if","locations":[{"start":{"line":72,"column":6},"end":{"line":78,"column":7}},{"start":{"line":72,"column":6},"end":{"line":78,"column":7}}],"line":72},"8":{"loc":{"start":{"line":80,"column":6},"end":{"line":85,"column":7}},"type":"if","locations":[{"start":{"line":80,"column":6},"end":{"line":85,"column":7}},{"start":{"line":80,"column":6},"end":{"line":85,"column":7}}],"line":80},"9":{"loc":{"start":{"line":88,"column":4},"end":{"line":104,"column":5}},"type":"if","locations":[{"start":{"line":88,"column":4},"end":{"line":104,"column":5}},{"start":{"line":88,"column":4},"end":{"line":104,"column":5}}],"line":88},"10":{"loc":{"start":{"line":88,"column":8},"end":{"line":88,"column":50}},"type":"binary-expr","locations":[{"start":{"line":88,"column":8},"end":{"line":88,"column":28}},{"start":{"line":88,"column":32},"end":{"line":88,"column":50}}],"line":88},"11":{"loc":{"start":{"line":91,"column":8},"end":{"line":93,"column":9}},"type":"if","locations":[{"start":{"line":91,"column":8},"end":{"line":93,"column":9}},{"start":{"line":91,"column":8},"end":{"line":93,"column":9}}],"line":91},"12":{"loc":{"start":{"line":96,"column":6},"end":{"line":103,"column":7}},"type":"if","locations":[{"start":{"line":96,"column":6},"end":{"line":103,"column":7}},{"start":{"line":96,"column":6},"end":{"line":103,"column":7}}],"line":96},"13":{"loc":{"start":{"line":99,"column":10},"end":{"line":101,"column":11}},"type":"if","locations":[{"start":{"line":99,"column":10},"end":{"line":101,"column":11}},{"start":{"line":99,"column":10},"end":{"line":101,"column":11}}],"line":99},"14":{"loc":{"start":{"line":113,"column":4},"end":{"line":115,"column":5}},"type":"if","locations":[{"start":{"line":113,"column":4},"end":{"line":115,"column":5}},{"start":{"line":113,"column":4},"end":{"line":115,"column":5}}],"line":113},"15":{"loc":{"start":{"line":116,"column":4},"end":{"line":118,"column":5}},"type":"if","locations":[{"start":{"line":116,"column":4},"end":{"line":118,"column":5}},{"start":{"line":116,"column":4},"end":{"line":118,"column":5}}],"line":116},"16":{"loc":{"start":{"line":123,"column":4},"end":{"line":125,"column":5}},"type":"if","locations":[{"start":{"line":123,"column":4},"end":{"line":125,"column":5}},{"start":{"line":123,"column":4},"end":{"line":125,"column":5}}],"line":123},"17":{"loc":{"start":{"line":126,"column":4},"end":{"line":128,"column":5}},"type":"if","locations":[{"start":{"line":126,"column":4},"end":{"line":128,"column":5}},{"start":{"line":126,"column":4},"end":{"line":128,"column":5}}],"line":126},"18":{"loc":{"start":{"line":133,"column":4},"end":{"line":135,"column":5}},"type":"if","locations":[{"start":{"line":133,"column":4},"end":{"line":135,"column":5}},{"start":{"line":133,"column":4},"end":{"line":135,"column":5}}],"line":133},"19":{"loc":{"start":{"line":143,"column":4},"end":{"line":162,"column":5}},"type":"if","locations":[{"start":{"line":143,"column":4},"end":{"line":162,"column":5}},{"start":{"line":143,"column":4},"end":{"line":162,"column":5}}],"line":143},"20":{"loc":{"start":{"line":147,"column":6},"end":{"line":161,"column":7}},"type":"if","locations":[{"start":{"line":147,"column":6},"end":{"line":161,"column":7}},{"start":{"line":147,"column":6},"end":{"line":161,"column":7}}],"line":147},"21":{"loc":{"start":{"line":150,"column":8},"end":{"line":154,"column":9}},"type":"if","locations":[{"start":{"line":150,"column":8},"end":{"line":154,"column":9}},{"start":{"line":150,"column":8},"end":{"line":154,"column":9}}],"line":150},"22":{"loc":{"start":{"line":156,"column":8},"end":{"line":160,"column":9}},"type":"if","locations":[{"start":{"line":156,"column":8},"end":{"line":160,"column":9}},{"start":{"line":156,"column":8},"end":{"line":160,"column":9}}],"line":156},"23":{"loc":{"start":{"line":164,"column":4},"end":{"line":178,"column":5}},"type":"if","locations":[{"start":{"line":164,"column":4},"end":{"line":178,"column":5}},{"start":{"line":164,"column":4},"end":{"line":178,"column":5}}],"line":164},"24":{"loc":{"start":{"line":164,"column":8},"end":{"line":164,"column":44}},"type":"binary-expr","locations":[{"start":{"line":164,"column":8},"end":{"line":164,"column":27}},{"start":{"line":164,"column":31},"end":{"line":164,"column":44}}],"line":164},"25":{"loc":{"start":{"line":165,"column":6},"end":{"line":169,"column":7}},"type":"if","locations":[{"start":{"line":165,"column":6},"end":{"line":169,"column":7}},{"start":{"line":165,"column":6},"end":{"line":169,"column":7}}],"line":165},"26":{"loc":{"start":{"line":171,"column":6},"end":{"line":177,"column":7}},"type":"if","locations":[{"start":{"line":171,"column":6},"end":{"line":177,"column":7}},{"start":{"line":171,"column":6},"end":{"line":177,"column":7}}],"line":171},"27":{"loc":{"start":{"line":172,"column":8},"end":{"line":176,"column":9}},"type":"if","locations":[{"start":{"line":172,"column":8},"end":{"line":176,"column":9}},{"start":{"line":172,"column":8},"end":{"line":176,"column":9}}],"line":172},"28":{"loc":{"start":{"line":180,"column":4},"end":{"line":182,"column":5}},"type":"if","locations":[{"start":{"line":180,"column":4},"end":{"line":182,"column":5}},{"start":{"line":180,"column":4},"end":{"line":182,"column":5}}],"line":180},"29":{"loc":{"start":{"line":180,"column":8},"end":{"line":180,"column":44}},"type":"binary-expr","locations":[{"start":{"line":180,"column":8},"end":{"line":180,"column":27}},{"start":{"line":180,"column":31},"end":{"line":180,"column":44}}],"line":180},"30":{"loc":{"start":{"line":190,"column":4},"end":{"line":200,"column":5}},"type":"if","locations":[{"start":{"line":190,"column":4},"end":{"line":200,"column":5}},{"start":{"line":190,"column":4},"end":{"line":200,"column":5}}],"line":190},"31":{"loc":{"start":{"line":195,"column":6},"end":{"line":199,"column":7}},"type":"if","locations":[{"start":{"line":195,"column":6},"end":{"line":199,"column":7}},{"start":{"line":195,"column":6},"end":{"line":199,"column":7}}],"line":195},"32":{"loc":{"start":{"line":202,"column":4},"end":{"line":208,"column":5}},"type":"if","locations":[{"start":{"line":202,"column":4},"end":{"line":208,"column":5}},{"start":{"line":202,"column":4},"end":{"line":208,"column":5}}],"line":202},"33":{"loc":{"start":{"line":202,"column":8},"end":{"line":202,"column":45}},"type":"binary-expr","locations":[{"start":{"line":202,"column":8},"end":{"line":202,"column":28}},{"start":{"line":202,"column":32},"end":{"line":202,"column":45}}],"line":202},"34":{"loc":{"start":{"line":203,"column":6},"end":{"line":207,"column":7}},"type":"if","locations":[{"start":{"line":203,"column":6},"end":{"line":207,"column":7}},{"start":{"line":203,"column":6},"end":{"line":207,"column":7}}],"line":203},"35":{"loc":{"start":{"line":210,"column":4},"end":{"line":212,"column":5}},"type":"if","locations":[{"start":{"line":210,"column":4},"end":{"line":212,"column":5}},{"start":{"line":210,"column":4},"end":{"line":212,"column":5}}],"line":210},"36":{"loc":{"start":{"line":210,"column":8},"end":{"line":210,"column":45}},"type":"binary-expr","locations":[{"start":{"line":210,"column":8},"end":{"line":210,"column":28}},{"start":{"line":210,"column":32},"end":{"line":210,"column":45}}],"line":210},"37":{"loc":{"start":{"line":223,"column":4},"end":{"line":225,"column":5}},"type":"if","locations":[{"start":{"line":223,"column":4},"end":{"line":225,"column":5}},{"start":{"line":223,"column":4},"end":{"line":225,"column":5}}],"line":223},"38":{"loc":{"start":{"line":227,"column":4},"end":{"line":229,"column":5}},"type":"if","locations":[{"start":{"line":227,"column":4},"end":{"line":229,"column":5}},{"start":{"line":227,"column":4},"end":{"line":229,"column":5}}],"line":227},"39":{"loc":{"start":{"line":258,"column":4},"end":{"line":263,"column":5}},"type":"if","locations":[{"start":{"line":258,"column":4},"end":{"line":263,"column":5}},{"start":{"line":258,"column":4},"end":{"line":263,"column":5}}],"line":258},"40":{"loc":{"start":{"line":266,"column":4},"end":{"line":271,"column":5}},"type":"if","locations":[{"start":{"line":266,"column":4},"end":{"line":271,"column":5}},{"start":{"line":266,"column":4},"end":{"line":271,"column":5}}],"line":266},"41":{"loc":{"start":{"line":281,"column":4},"end":{"line":284,"column":5}},"type":"if","locations":[{"start":{"line":281,"column":4},"end":{"line":284,"column":5}},{"start":{"line":281,"column":4},"end":{"line":284,"column":5}}],"line":281},"42":{"loc":{"start":{"line":291,"column":4},"end":{"line":296,"column":5}},"type":"if","locations":[{"start":{"line":291,"column":4},"end":{"line":296,"column":5}},{"start":{"line":291,"column":4},"end":{"line":296,"column":5}}],"line":291},"43":{"loc":{"start":{"line":298,"column":4},"end":{"line":303,"column":5}},"type":"if","locations":[{"start":{"line":298,"column":4},"end":{"line":303,"column":5}},{"start":{"line":298,"column":4},"end":{"line":303,"column":5}}],"line":298},"44":{"loc":{"start":{"line":310,"column":4},"end":{"line":315,"column":5}},"type":"if","locations":[{"start":{"line":310,"column":4},"end":{"line":315,"column":5}},{"start":{"line":310,"column":4},"end":{"line":315,"column":5}}],"line":310},"45":{"loc":{"start":{"line":317,"column":4},"end":{"line":322,"column":5}},"type":"if","locations":[{"start":{"line":317,"column":4},"end":{"line":322,"column":5}},{"start":{"line":317,"column":4},"end":{"line":322,"column":5}}],"line":317},"46":{"loc":{"start":{"line":329,"column":4},"end":{"line":334,"column":5}},"type":"if","locations":[{"start":{"line":329,"column":4},"end":{"line":334,"column":5}},{"start":{"line":329,"column":4},"end":{"line":334,"column":5}}],"line":329},"47":{"loc":{"start":{"line":336,"column":4},"end":{"line":341,"column":5}},"type":"if","locations":[{"start":{"line":336,"column":4},"end":{"line":341,"column":5}},{"start":{"line":336,"column":4},"end":{"line":341,"column":5}}],"line":336},"48":{"loc":{"start":{"line":352,"column":23},"end":{"line":352,"column":36}},"type":"default-arg","locations":[{"start":{"line":352,"column":30},"end":{"line":352,"column":36}}],"line":352},"49":{"loc":{"start":{"line":353,"column":4},"end":{"line":355,"column":5}},"type":"if","locations":[{"start":{"line":353,"column":4},"end":{"line":355,"column":5}},{"start":{"line":353,"column":4},"end":{"line":355,"column":5}}],"line":353},"50":{"loc":{"start":{"line":356,"column":4},"end":{"line":358,"column":5}},"type":"if","locations":[{"start":{"line":356,"column":4},"end":{"line":358,"column":5}},{"start":{"line":356,"column":4},"end":{"line":358,"column":5}}],"line":356},"51":{"loc":{"start":{"line":361,"column":22},"end":{"line":361,"column":35}},"type":"default-arg","locations":[{"start":{"line":361,"column":29},"end":{"line":361,"column":35}}],"line":361},"52":{"loc":{"start":{"line":362,"column":4},"end":{"line":364,"column":5}},"type":"if","locations":[{"start":{"line":362,"column":4},"end":{"line":364,"column":5}},{"start":{"line":362,"column":4},"end":{"line":364,"column":5}}],"line":362},"53":{"loc":{"start":{"line":365,"column":4},"end":{"line":367,"column":5}},"type":"if","locations":[{"start":{"line":365,"column":4},"end":{"line":367,"column":5}},{"start":{"line":365,"column":4},"end":{"line":367,"column":5}}],"line":365},"54":{"loc":{"start":{"line":370,"column":23},"end":{"line":370,"column":36}},"type":"default-arg","locations":[{"start":{"line":370,"column":30},"end":{"line":370,"column":36}}],"line":370},"55":{"loc":{"start":{"line":371,"column":4},"end":{"line":373,"column":5}},"type":"if","locations":[{"start":{"line":371,"column":4},"end":{"line":373,"column":5}},{"start":{"line":371,"column":4},"end":{"line":373,"column":5}}],"line":371},"56":{"loc":{"start":{"line":374,"column":4},"end":{"line":376,"column":5}},"type":"if","locations":[{"start":{"line":374,"column":4},"end":{"line":376,"column":5}},{"start":{"line":374,"column":4},"end":{"line":376,"column":5}}],"line":374},"57":{"loc":{"start":{"line":379,"column":21},"end":{"line":379,"column":34}},"type":"default-arg","locations":[{"start":{"line":379,"column":28},"end":{"line":379,"column":34}}],"line":379},"58":{"loc":{"start":{"line":380,"column":4},"end":{"line":382,"column":5}},"type":"if","locations":[{"start":{"line":380,"column":4},"end":{"line":382,"column":5}},{"start":{"line":380,"column":4},"end":{"line":382,"column":5}}],"line":380},"59":{"loc":{"start":{"line":383,"column":4},"end":{"line":385,"column":5}},"type":"if","locations":[{"start":{"line":383,"column":4},"end":{"line":385,"column":5}},{"start":{"line":383,"column":4},"end":{"line":385,"column":5}}],"line":383}},"s":{"0":49,"1":49,"2":49,"3":49,"4":49,"5":49,"6":49,"7":49,"8":49,"9":49,"10":49,"11":26,"12":26,"13":26,"14":26,"15":26,"16":26,"17":23,"18":23,"19":49,"20":13,"21":13,"22":13,"23":49,"24":16,"25":16,"26":16,"27":16,"28":16,"29":10,"30":10,"31":0,"32":0,"33":49,"34":10,"35":10,"36":10,"37":7,"38":0,"39":10,"40":8,"41":0,"42":49,"43":9,"44":0,"45":0,"46":9,"47":4,"48":0,"49":0,"50":3,"51":10,"52":10,"53":6,"54":10,"55":1,"56":11,"57":11,"58":6,"59":11,"60":1,"61":9,"62":9,"63":4,"64":20,"65":20,"66":20,"67":12,"68":12,"69":12,"70":9,"71":9,"72":3,"73":6,"74":9,"75":0,"76":9,"77":20,"78":12,"79":9,"80":3,"81":12,"82":3,"83":1,"84":2,"85":20,"86":12,"87":13,"88":13,"89":13,"90":9,"91":9,"92":9,"93":9,"94":3,"95":6,"96":13,"97":9,"98":6,"99":3,"100":13,"101":9,"102":321,"103":321,"104":321,"105":321,"106":321,"107":207,"108":321,"109":114,"110":214,"111":214,"112":214,"113":214,"114":214,"115":7,"116":7,"117":7,"118":7,"119":7,"120":5,"121":5,"122":5,"123":8,"124":2,"125":2,"126":2,"127":6,"128":6,"129":6,"130":6,"131":1,"132":1,"133":20,"134":20,"135":17,"136":17,"137":12,"138":2,"139":2,"140":2,"141":10,"142":10,"143":10,"144":10,"145":4,"146":2,"147":2,"148":2,"149":2,"150":2,"151":2,"152":2,"153":9,"154":2,"155":2,"156":2,"157":7,"158":7,"159":7,"160":7,"161":101,"162":101,"163":3,"164":2,"165":3,"166":1,"167":3,"168":2,"169":3,"170":1,"171":3,"172":2,"173":3,"174":1,"175":3,"176":2,"177":3,"178":1},"f":{"0":49,"1":0,"2":0,"3":0,"4":0,"5":0,"6":3,"7":10,"8":11,"9":9,"10":20,"11":13,"12":321,"13":214,"14":7,"15":5,"16":8,"17":1,"18":20,"19":12,"20":4,"21":9,"22":101,"23":101,"24":3,"25":3,"26":3,"27":3},"b":{"0":[9],"1":[26,23],"2":[13,36],"3":[16,33],"4":[10,6],"5":[0,0],"6":[10,39],"7":[7,3],"8":[8,2],"9":[9,40],"10":[49,13],"11":[0,0],"12":[4,5],"13":[0,0],"14":[6,4],"15":[1,9],"16":[6,5],"17":[1,10],"18":[4,5],"19":[12,8],"20":[9,3],"21":[3,6],"22":[0,9],"23":[12,8],"24":[20,12],"25":[9,3],"26":[3,9],"27":[1,2],"28":[12,8],"29":[20,12],"30":[9,4],"31":[3,6],"32":[9,4],"33":[13,9],"34":[6,3],"35":[9,4],"36":[13,9],"37":[207,114],"38":[114,207],"39":[2,6],"40":[6,0],"41":[17,3],"42":[2,10],"43":[10,0],"44":[2,2],"45":[2,0],"46":[2,7],"47":[7,0],"48":[1],"49":[2,1],"50":[1,2],"51":[1],"52":[2,1],"53":[1,2],"54":[1],"55":[2,1],"56":[1,2],"57":[1],"58":[2,1],"59":[1,2]},"_coverageSchema":"1a1c01bbd47fc00a2c39e90264f33305004495a9","hash":"8d0b0641f381a23b46127c6ec8ff75c7e60c4a9d"}
,"C:\\Users\\Ольга\\Documents\\Учеба\\Верстка\\FSD_4\\src\\view\\helpers\\createElement.js": {"path":"C:\\Users\\Ольга\\Documents\\Учеба\\Верстка\\FSD_4\\src\\view\\helpers\\createElement.js","statementMap":{"0":{"start":{"line":2,"column":20},"end":{"line":2,"column":47}},"1":{"start":{"line":3,"column":4},"end":{"line":5,"column":5}},"2":{"start":{"line":4,"column":4},"end":{"line":4,"column":34}},"3":{"start":{"line":7,"column":4},"end":{"line":7,"column":19}}},"fnMap":{"0":{"name":"createElement","decl":{"start":{"line":1,"column":16},"end":{"line":1,"column":29}},"loc":{"start":{"line":1,"column":46},"end":{"line":8,"column":1}},"line":1}},"branchMap":{"0":{"loc":{"start":{"line":3,"column":4},"end":{"line":5,"column":5}},"type":"if","locations":[{"start":{"line":3,"column":4},"end":{"line":5,"column":5}},{"start":{"line":3,"column":4},"end":{"line":5,"column":5}}],"line":3}},"s":{"0":435,"1":435,"2":435,"3":435},"f":{"0":435},"b":{"0":[435,0]},"_coverageSchema":"1a1c01bbd47fc00a2c39e90264f33305004495a9","hash":"db869bf46b3c48a6840612e1ba2b7659d9d6b69b"}
,"C:\\Users\\Ольга\\Documents\\Учеба\\Верстка\\FSD_4\\src\\view\\subviews\\input\\input.js": {"path":"C:\\Users\\Ольга\\Documents\\Учеба\\Верстка\\FSD_4\\src\\view\\subviews\\input\\input.js","statementMap":{"0":{"start":{"line":5,"column":4},"end":{"line":5,"column":21}},"1":{"start":{"line":6,"column":4},"end":{"line":6,"column":21}},"2":{"start":{"line":7,"column":4},"end":{"line":7,"column":126}},"3":{"start":{"line":8,"column":4},"end":{"line":8,"column":34}},"4":{"start":{"line":10,"column":4},"end":{"line":10,"column":31}},"5":{"start":{"line":14,"column":4},"end":{"line":14,"column":21}},"6":{"start":{"line":18,"column":4},"end":{"line":18,"column":44}},"7":{"start":{"line":22,"column":4},"end":{"line":22,"column":44}},"8":{"start":{"line":26,"column":4},"end":{"line":26,"column":46}},"9":{"start":{"line":30,"column":4},"end":{"line":30,"column":48}},"10":{"start":{"line":34,"column":4},"end":{"line":34,"column":40}},"11":{"start":{"line":38,"column":4},"end":{"line":38,"column":32}},"12":{"start":{"line":42,"column":4},"end":{"line":42,"column":30}},"13":{"start":{"line":46,"column":4},"end":{"line":46,"column":30}},"14":{"start":{"line":50,"column":4},"end":{"line":58,"column":7}},"15":{"start":{"line":51,"column":18},"end":{"line":51,"column":38}},"16":{"start":{"line":52,"column":6},"end":{"line":54,"column":7}},"17":{"start":{"line":53,"column":8},"end":{"line":53,"column":41}},"18":{"start":{"line":55,"column":6},"end":{"line":57,"column":7}},"19":{"start":{"line":56,"column":8},"end":{"line":56,"column":42}},"20":{"start":{"line":60,"column":4},"end":{"line":62,"column":7}},"21":{"start":{"line":61,"column":6},"end":{"line":61,"column":48}},"22":{"start":{"line":63,"column":4},"end":{"line":65,"column":7}},"23":{"start":{"line":64,"column":6},"end":{"line":64,"column":47}},"24":{"start":{"line":67,"column":4},"end":{"line":69,"column":7}},"25":{"start":{"line":68,"column":6},"end":{"line":68,"column":48}},"26":{"start":{"line":70,"column":4},"end":{"line":72,"column":7}},"27":{"start":{"line":71,"column":6},"end":{"line":71,"column":46}}},"fnMap":{"0":{"name":"(anonymous_0)","decl":{"start":{"line":4,"column":2},"end":{"line":4,"column":3}},"loc":{"start":{"line":4,"column":29},"end":{"line":11,"column":3}},"line":4},"1":{"name":"(anonymous_1)","decl":{"start":{"line":13,"column":2},"end":{"line":13,"column":3}},"loc":{"start":{"line":13,"column":21},"end":{"line":15,"column":3}},"line":13},"2":{"name":"(anonymous_2)","decl":{"start":{"line":17,"column":2},"end":{"line":17,"column":3}},"loc":{"start":{"line":17,"column":19},"end":{"line":19,"column":3}},"line":17},"3":{"name":"(anonymous_3)","decl":{"start":{"line":21,"column":2},"end":{"line":21,"column":3}},"loc":{"start":{"line":21,"column":19},"end":{"line":23,"column":3}},"line":21},"4":{"name":"(anonymous_4)","decl":{"start":{"line":25,"column":2},"end":{"line":25,"column":3}},"loc":{"start":{"line":25,"column":16},"end":{"line":27,"column":3}},"line":25},"5":{"name":"(anonymous_5)","decl":{"start":{"line":29,"column":2},"end":{"line":29,"column":3}},"loc":{"start":{"line":29,"column":18},"end":{"line":31,"column":3}},"line":29},"6":{"name":"(anonymous_6)","decl":{"start":{"line":33,"column":2},"end":{"line":33,"column":3}},"loc":{"start":{"line":33,"column":19},"end":{"line":35,"column":3}},"line":33},"7":{"name":"(anonymous_7)","decl":{"start":{"line":37,"column":2},"end":{"line":37,"column":3}},"loc":{"start":{"line":37,"column":13},"end":{"line":39,"column":3}},"line":37},"8":{"name":"(anonymous_8)","decl":{"start":{"line":41,"column":2},"end":{"line":41,"column":3}},"loc":{"start":{"line":41,"column":11},"end":{"line":43,"column":3}},"line":41},"9":{"name":"(anonymous_9)","decl":{"start":{"line":45,"column":2},"end":{"line":45,"column":3}},"loc":{"start":{"line":45,"column":11},"end":{"line":47,"column":3}},"line":45},"10":{"name":"(anonymous_10)","decl":{"start":{"line":49,"column":2},"end":{"line":49,"column":3}},"loc":{"start":{"line":49,"column":24},"end":{"line":73,"column":3}},"line":49},"11":{"name":"(anonymous_11)","decl":{"start":{"line":50,"column":45},"end":{"line":50,"column":46}},"loc":{"start":{"line":50,"column":51},"end":{"line":58,"column":5}},"line":50},"12":{"name":"(anonymous_12)","decl":{"start":{"line":60,"column":49},"end":{"line":60,"column":50}},"loc":{"start":{"line":60,"column":55},"end":{"line":62,"column":5}},"line":60},"13":{"name":"(anonymous_13)","decl":{"start":{"line":63,"column":48},"end":{"line":63,"column":49}},"loc":{"start":{"line":63,"column":54},"end":{"line":65,"column":5}},"line":63},"14":{"name":"(anonymous_14)","decl":{"start":{"line":67,"column":49},"end":{"line":67,"column":50}},"loc":{"start":{"line":67,"column":55},"end":{"line":69,"column":5}},"line":67},"15":{"name":"(anonymous_15)","decl":{"start":{"line":70,"column":47},"end":{"line":70,"column":48}},"loc":{"start":{"line":70,"column":53},"end":{"line":72,"column":5}},"line":70}},"branchMap":{"0":{"loc":{"start":{"line":4,"column":14},"end":{"line":4,"column":27}},"type":"default-arg","locations":[{"start":{"line":4,"column":21},"end":{"line":4,"column":27}}],"line":4},"1":{"loc":{"start":{"line":52,"column":6},"end":{"line":54,"column":7}},"type":"if","locations":[{"start":{"line":52,"column":6},"end":{"line":54,"column":7}},{"start":{"line":52,"column":6},"end":{"line":54,"column":7}}],"line":52},"2":{"loc":{"start":{"line":55,"column":6},"end":{"line":57,"column":7}},"type":"if","locations":[{"start":{"line":55,"column":6},"end":{"line":57,"column":7}},{"start":{"line":55,"column":6},"end":{"line":57,"column":7}}],"line":55}},"s":{"0":93,"1":93,"2":93,"3":93,"4":93,"5":82,"6":16,"7":17,"8":12,"9":33,"10":10,"11":30,"12":536,"13":545,"14":93,"15":2,"16":2,"17":1,"18":2,"19":1,"20":93,"21":1,"22":93,"23":1,"24":93,"25":1,"26":93,"27":1},"f":{"0":93,"1":82,"2":16,"3":17,"4":12,"5":33,"6":10,"7":30,"8":536,"9":545,"10":93,"11":2,"12":1,"13":1,"14":1,"15":1},"b":{"0":[12],"1":[1,1],"2":[1,1]},"_coverageSchema":"1a1c01bbd47fc00a2c39e90264f33305004495a9","hash":"7100860922da3b9656fa766f3c0a93f09f5a1e94"}
,"C:\\Users\\Ольга\\Documents\\Учеба\\Верстка\\FSD_4\\src\\view\\subviews\\label\\label.js": {"path":"C:\\Users\\Ольга\\Documents\\Учеба\\Верстка\\FSD_4\\src\\view\\subviews\\label\\label.js","statementMap":{"0":{"start":{"line":3,"column":4},"end":{"line":3,"column":21}},"1":{"start":{"line":4,"column":4},"end":{"line":4,"column":51}},"2":{"start":{"line":8,"column":4},"end":{"line":8,"column":41}},"3":{"start":{"line":12,"column":4},"end":{"line":12,"column":39}},"4":{"start":{"line":16,"column":4},"end":{"line":16,"column":50}}},"fnMap":{"0":{"name":"(anonymous_0)","decl":{"start":{"line":2,"column":2},"end":{"line":2,"column":3}},"loc":{"start":{"line":2,"column":29},"end":{"line":5,"column":3}},"line":2},"1":{"name":"(anonymous_1)","decl":{"start":{"line":7,"column":2},"end":{"line":7,"column":3}},"loc":{"start":{"line":7,"column":20},"end":{"line":9,"column":3}},"line":7},"2":{"name":"(anonymous_2)","decl":{"start":{"line":11,"column":2},"end":{"line":11,"column":3}},"loc":{"start":{"line":11,"column":18},"end":{"line":13,"column":3}},"line":11},"3":{"name":"(anonymous_3)","decl":{"start":{"line":15,"column":2},"end":{"line":15,"column":3}},"loc":{"start":{"line":15,"column":26},"end":{"line":17,"column":3}},"line":15}},"branchMap":{"0":{"loc":{"start":{"line":2,"column":14},"end":{"line":2,"column":27}},"type":"default-arg","locations":[{"start":{"line":2,"column":21},"end":{"line":2,"column":27}}],"line":2}},"s":{"0":101,"1":101,"2":34,"3":4,"4":35},"f":{"0":101,"1":34,"2":4,"3":35},"b":{"0":[5]},"_coverageSchema":"1a1c01bbd47fc00a2c39e90264f33305004495a9","hash":"b4d9631e8be511dee08dda0906048742415dcde7"}
,"C:\\Users\\Ольга\\Documents\\Учеба\\Верстка\\FSD_4\\src\\view\\subviews\\minMaxLabel\\minMaxLabel.js": {"path":"C:\\Users\\Ольга\\Documents\\Учеба\\Верстка\\FSD_4\\src\\view\\subviews\\minMaxLabel\\minMaxLabel.js","statementMap":{"0":{"start":{"line":6,"column":4},"end":{"line":6,"column":16}},"1":{"start":{"line":7,"column":4},"end":{"line":7,"column":148}},"2":{"start":{"line":11,"column":4},"end":{"line":13,"column":5}},"3":{"start":{"line":12,"column":6},"end":{"line":12,"column":100}},"4":{"start":{"line":14,"column":4},"end":{"line":16,"column":5}},"5":{"start":{"line":15,"column":6},"end":{"line":15,"column":100}}},"fnMap":{"0":{"name":"(anonymous_0)","decl":{"start":{"line":5,"column":2},"end":{"line":5,"column":3}},"loc":{"start":{"line":5,"column":29},"end":{"line":8,"column":3}},"line":5},"1":{"name":"(anonymous_1)","decl":{"start":{"line":10,"column":2},"end":{"line":10,"column":3}},"loc":{"start":{"line":10,"column":27},"end":{"line":17,"column":3}},"line":10}},"branchMap":{"0":{"loc":{"start":{"line":5,"column":14},"end":{"line":5,"column":27}},"type":"default-arg","locations":[{"start":{"line":5,"column":21},"end":{"line":5,"column":27}}],"line":5},"1":{"loc":{"start":{"line":11,"column":4},"end":{"line":13,"column":5}},"type":"if","locations":[{"start":{"line":11,"column":4},"end":{"line":13,"column":5}},{"start":{"line":11,"column":4},"end":{"line":13,"column":5}}],"line":11},"2":{"loc":{"start":{"line":14,"column":4},"end":{"line":16,"column":5}},"type":"if","locations":[{"start":{"line":14,"column":4},"end":{"line":16,"column":5}},{"start":{"line":14,"column":4},"end":{"line":16,"column":5}}],"line":14}},"s":{"0":36,"1":36,"2":3,"3":2,"4":3,"5":1},"f":{"0":36,"1":3},"b":{"0":[4],"1":[2,1],"2":[1,2]},"_coverageSchema":"1a1c01bbd47fc00a2c39e90264f33305004495a9","hash":"d4ccb70729dd81963b20c7635cd01bccc7e20c99"}
,"C:\\Users\\Ольга\\Documents\\Учеба\\Верстка\\FSD_4\\src\\view\\subviews\\range\\range.js": {"path":"C:\\Users\\Ольга\\Documents\\Учеба\\Верстка\\FSD_4\\src\\view\\subviews\\range\\range.js","statementMap":{"0":{"start":{"line":5,"column":4},"end":{"line":5,"column":88}},"1":{"start":{"line":9,"column":4},"end":{"line":9,"column":46}},"2":{"start":{"line":13,"column":4},"end":{"line":13,"column":47}}},"fnMap":{"0":{"name":"(anonymous_0)","decl":{"start":{"line":4,"column":2},"end":{"line":4,"column":3}},"loc":{"start":{"line":4,"column":16},"end":{"line":6,"column":3}},"line":4},"1":{"name":"(anonymous_1)","decl":{"start":{"line":8,"column":2},"end":{"line":8,"column":3}},"loc":{"start":{"line":8,"column":25},"end":{"line":10,"column":3}},"line":8},"2":{"name":"(anonymous_2)","decl":{"start":{"line":12,"column":2},"end":{"line":12,"column":3}},"loc":{"start":{"line":12,"column":26},"end":{"line":14,"column":3}},"line":12}},"branchMap":{},"s":{"0":52,"1":138,"2":422},"f":{"0":52,"1":138,"2":422},"b":{},"_coverageSchema":"1a1c01bbd47fc00a2c39e90264f33305004495a9","hash":"30bab542ab84f38bb10e1581a4246192cc56a3c6"}
,"C:\\Users\\Ольга\\Documents\\Учеба\\Верстка\\FSD_4\\src\\view\\subviews\\slider\\slider.js": {"path":"C:\\Users\\Ольга\\Documents\\Учеба\\Верстка\\FSD_4\\src\\view\\subviews\\slider\\slider.js","statementMap":{"0":{"start":{"line":5,"column":4},"end":{"line":5,"column":66}},"1":{"start":{"line":9,"column":4},"end":{"line":9,"column":39}}},"fnMap":{"0":{"name":"(anonymous_0)","decl":{"start":{"line":4,"column":2},"end":{"line":4,"column":3}},"loc":{"start":{"line":4,"column":16},"end":{"line":6,"column":3}},"line":4},"1":{"name":"(anonymous_1)","decl":{"start":{"line":8,"column":2},"end":{"line":8,"column":3}},"loc":{"start":{"line":8,"column":22},"end":{"line":10,"column":3}},"line":8}},"branchMap":{},"s":{"0":51,"1":76},"f":{"0":51,"1":76},"b":{},"_coverageSchema":"1a1c01bbd47fc00a2c39e90264f33305004495a9","hash":"5a2bd780c7f01d122e4aac183c816dd096ac8870"}
,"C:\\Users\\Ольга\\Documents\\Учеба\\Верстка\\FSD_4\\src\\view\\subviews\\thumb\\thumb.js": {"path":"C:\\Users\\Ольга\\Documents\\Учеба\\Верстка\\FSD_4\\src\\view\\subviews\\thumb\\thumb.js","statementMap":{"0":{"start":{"line":5,"column":4},"end":{"line":5,"column":21}},"1":{"start":{"line":6,"column":4},"end":{"line":6,"column":124}},"2":{"start":{"line":10,"column":4},"end":{"line":10,"column":62}},"3":{"start":{"line":14,"column":4},"end":{"line":14,"column":65}},"4":{"start":{"line":18,"column":4},"end":{"line":18,"column":63}},"5":{"start":{"line":22,"column":4},"end":{"line":22,"column":66}},"6":{"start":{"line":26,"column":4},"end":{"line":26,"column":46}},"7":{"start":{"line":30,"column":4},"end":{"line":30,"column":47}},"8":{"start":{"line":34,"column":4},"end":{"line":34,"column":37}},"9":{"start":{"line":38,"column":4},"end":{"line":38,"column":38}},"10":{"start":{"line":42,"column":4},"end":{"line":42,"column":50}}},"fnMap":{"0":{"name":"(anonymous_0)","decl":{"start":{"line":4,"column":2},"end":{"line":4,"column":3}},"loc":{"start":{"line":4,"column":29},"end":{"line":7,"column":3}},"line":4},"1":{"name":"(anonymous_1)","decl":{"start":{"line":9,"column":2},"end":{"line":9,"column":3}},"loc":{"start":{"line":9,"column":13},"end":{"line":11,"column":3}},"line":9},"2":{"name":"(anonymous_2)","decl":{"start":{"line":13,"column":2},"end":{"line":13,"column":3}},"loc":{"start":{"line":13,"column":16},"end":{"line":15,"column":3}},"line":13},"3":{"name":"(anonymous_3)","decl":{"start":{"line":17,"column":2},"end":{"line":17,"column":3}},"loc":{"start":{"line":17,"column":15},"end":{"line":19,"column":3}},"line":17},"4":{"name":"(anonymous_4)","decl":{"start":{"line":21,"column":2},"end":{"line":21,"column":3}},"loc":{"start":{"line":21,"column":17},"end":{"line":23,"column":3}},"line":21},"5":{"name":"(anonymous_5)","decl":{"start":{"line":25,"column":2},"end":{"line":25,"column":3}},"loc":{"start":{"line":25,"column":25},"end":{"line":27,"column":3}},"line":25},"6":{"name":"(anonymous_6)","decl":{"start":{"line":29,"column":2},"end":{"line":29,"column":3}},"loc":{"start":{"line":29,"column":26},"end":{"line":31,"column":3}},"line":29},"7":{"name":"(anonymous_7)","decl":{"start":{"line":33,"column":2},"end":{"line":33,"column":3}},"loc":{"start":{"line":33,"column":18},"end":{"line":35,"column":3}},"line":33},"8":{"name":"(anonymous_8)","decl":{"start":{"line":37,"column":2},"end":{"line":37,"column":3}},"loc":{"start":{"line":37,"column":19},"end":{"line":39,"column":3}},"line":37},"9":{"name":"(anonymous_9)","decl":{"start":{"line":41,"column":2},"end":{"line":41,"column":3}},"loc":{"start":{"line":41,"column":26},"end":{"line":43,"column":3}},"line":41}},"branchMap":{"0":{"loc":{"start":{"line":4,"column":14},"end":{"line":4,"column":27}},"type":"default-arg","locations":[{"start":{"line":4,"column":21},"end":{"line":4,"column":27}}],"line":4}},"s":{"0":94,"1":94,"2":2,"3":1,"4":2,"5":1,"6":423,"7":316,"8":121,"9":118,"10":1},"f":{"0":94,"1":2,"2":1,"3":2,"4":1,"5":423,"6":316,"7":121,"8":118,"9":1},"b":{"0":[14]},"_coverageSchema":"1a1c01bbd47fc00a2c39e90264f33305004495a9","hash":"32d3b4eaaa935bdf44b08973d6d56936b0300f5b"}
,"C:\\Users\\Ольга\\Documents\\Учеба\\Верстка\\FSD_4\\src\\view\\subviews\\track\\track.js": {"path":"C:\\Users\\Ольга\\Documents\\Учеба\\Верстка\\FSD_4\\src\\view\\subviews\\track\\track.js","statementMap":{"0":{"start":{"line":5,"column":4},"end":{"line":5,"column":65}}},"fnMap":{"0":{"name":"(anonymous_0)","decl":{"start":{"line":4,"column":2},"end":{"line":4,"column":3}},"loc":{"start":{"line":4,"column":16},"end":{"line":6,"column":3}},"line":4}},"branchMap":{},"s":{"0":50},"f":{"0":50},"b":{},"_coverageSchema":"1a1c01bbd47fc00a2c39e90264f33305004495a9","hash":"e7b9b81e9e524729f352afdb71fad699ed1025d1"}
,"C:\\Users\\Ольга\\Documents\\Учеба\\Верстка\\FSD_4\\src\\view\\subviews\\valueLabel\\valueLabel.js": {"path":"C:\\Users\\Ольга\\Documents\\Учеба\\Верстка\\FSD_4\\src\\view\\subviews\\valueLabel\\valueLabel.js","statementMap":{"0":{"start":{"line":6,"column":4},"end":{"line":6,"column":16}},"1":{"start":{"line":7,"column":4},"end":{"line":7,"column":142}},"2":{"start":{"line":11,"column":4},"end":{"line":11,"column":38}},"3":{"start":{"line":15,"column":4},"end":{"line":15,"column":37}},"4":{"start":{"line":19,"column":4},"end":{"line":19,"column":39}},"5":{"start":{"line":23,"column":4},"end":{"line":23,"column":38}},"6":{"start":{"line":27,"column":4},"end":{"line":29,"column":5}},"7":{"start":{"line":28,"column":6},"end":{"line":28,"column":161}},"8":{"start":{"line":30,"column":4},"end":{"line":32,"column":5}},"9":{"start":{"line":31,"column":6},"end":{"line":31,"column":117}},"10":{"start":{"line":33,"column":4},"end":{"line":35,"column":5}},"11":{"start":{"line":34,"column":6},"end":{"line":34,"column":161}}},"fnMap":{"0":{"name":"(anonymous_0)","decl":{"start":{"line":5,"column":2},"end":{"line":5,"column":3}},"loc":{"start":{"line":5,"column":29},"end":{"line":8,"column":3}},"line":5},"1":{"name":"(anonymous_1)","decl":{"start":{"line":10,"column":2},"end":{"line":10,"column":3}},"loc":{"start":{"line":10,"column":23},"end":{"line":12,"column":3}},"line":10},"2":{"name":"(anonymous_2)","decl":{"start":{"line":14,"column":2},"end":{"line":14,"column":3}},"loc":{"start":{"line":14,"column":18},"end":{"line":16,"column":3}},"line":14},"3":{"name":"(anonymous_3)","decl":{"start":{"line":18,"column":2},"end":{"line":18,"column":3}},"loc":{"start":{"line":18,"column":24},"end":{"line":20,"column":3}},"line":18},"4":{"name":"(anonymous_4)","decl":{"start":{"line":22,"column":2},"end":{"line":22,"column":3}},"loc":{"start":{"line":22,"column":19},"end":{"line":24,"column":3}},"line":22},"5":{"name":"(anonymous_5)","decl":{"start":{"line":26,"column":2},"end":{"line":26,"column":3}},"loc":{"start":{"line":26,"column":27},"end":{"line":36,"column":3}},"line":26}},"branchMap":{"0":{"loc":{"start":{"line":5,"column":14},"end":{"line":5,"column":27}},"type":"default-arg","locations":[{"start":{"line":5,"column":21},"end":{"line":5,"column":27}}],"line":5},"1":{"loc":{"start":{"line":27,"column":4},"end":{"line":29,"column":5}},"type":"if","locations":[{"start":{"line":27,"column":4},"end":{"line":29,"column":5}},{"start":{"line":27,"column":4},"end":{"line":29,"column":5}}],"line":27},"2":{"loc":{"start":{"line":30,"column":4},"end":{"line":32,"column":5}},"type":"if","locations":[{"start":{"line":30,"column":4},"end":{"line":32,"column":5}},{"start":{"line":30,"column":4},"end":{"line":32,"column":5}}],"line":30},"3":{"loc":{"start":{"line":33,"column":4},"end":{"line":35,"column":5}},"type":"if","locations":[{"start":{"line":33,"column":4},"end":{"line":35,"column":5}},{"start":{"line":33,"column":4},"end":{"line":35,"column":5}}],"line":33}},"s":{"0":59,"1":59,"2":12,"3":8,"4":2,"5":1,"6":51,"7":19,"8":51,"9":16,"10":51,"11":16},"f":{"0":59,"1":12,"2":8,"3":2,"4":1,"5":51},"b":{"0":[7],"1":[19,32],"2":[16,35],"3":[16,35]},"_coverageSchema":"1a1c01bbd47fc00a2c39e90264f33305004495a9","hash":"b0bcf8e5d27b09344cafba5b68ff3c118976cfea"}
}
