TN:
SF:src\view\helpers\createElement.ts
FN:1,createElement
FNF:1
FNH:1
FNDA:782,createElement
DA:2,782
DA:3,782
DA:4,782
DA:7,782
DA:10,1
LF:5
LH:5
BRDA:3,0,0,782
BRDA:3,0,1,0
BRF:2
BRH:1
end_of_record
TN:
SF:src\view\subviews\panel\panel.ts
FN:44,(anonymous_0)
FN:65,(anonymous_1)
FN:69,(anonymous_2)
FN:85,(anonymous_3)
FN:90,(anonymous_4)
FN:95,(anonymous_5)
FN:99,(anonymous_6)
FN:117,(anonymous_7)
FN:139,(anonymous_8)
FN:146,(anonymous_9)
FN:160,(anonymous_10)
FN:174,(anonymous_11)
FN:202,(anonymous_12)
FN:217,(anonymous_13)
FN:231,(anonymous_14)
FN:238,(anonymous_15)
FN:249,(anonymous_16)
FN:272,(anonymous_17)
FN:289,(anonymous_18)
FN:304,(anonymous_19)
FN:319,(anonymous_20)
FN:323,(anonymous_21)
FN:338,(anonymous_22)
FN:345,(anonymous_23)
FN:355,(anonymous_24)
FN:359,(anonymous_25)
FN:363,(anonymous_26)
FNF:27
FNH:27
FNDA:23,(anonymous_0)
FNDA:16,(anonymous_1)
FNDA:7,(anonymous_2)
FNDA:2,(anonymous_3)
FNDA:1,(anonymous_4)
FNDA:1,(anonymous_5)
FNDA:23,(anonymous_6)
FNDA:253,(anonymous_7)
FNDA:253,(anonymous_8)
FNDA:23,(anonymous_9)
FNDA:23,(anonymous_10)
FNDA:7,(anonymous_11)
FNDA:13,(anonymous_12)
FNDA:6,(anonymous_13)
FNDA:5,(anonymous_14)
FNDA:3,(anonymous_15)
FNDA:6,(anonymous_16)
FNDA:3,(anonymous_17)
FNDA:4,(anonymous_18)
FNDA:4,(anonymous_19)
FNDA:1,(anonymous_20)
FNDA:3,(anonymous_21)
FNDA:2,(anonymous_22)
FNDA:2,(anonymous_23)
FNDA:1,(anonymous_24)
FNDA:1,(anonymous_25)
FNDA:23,(anonymous_26)
DA:1,1
DA:45,23
DA:46,23
DA:48,23
DA:49,23
DA:50,23
DA:51,23
DA:52,23
DA:54,23
DA:55,23
DA:56,23
DA:57,23
DA:58,23
DA:59,23
DA:61,23
DA:62,23
DA:66,16
DA:70,7
DA:71,7
DA:72,7
DA:73,7
DA:74,7
DA:75,7
DA:76,7
DA:77,7
DA:78,7
DA:79,7
DA:80,7
DA:82,7
DA:86,2
DA:87,2
DA:91,1
DA:92,1
DA:96,1
DA:100,23
DA:101,23
DA:102,23
DA:118,253
DA:119,253
DA:120,253
DA:122,253
DA:123,115
DA:126,253
DA:128,253
DA:129,115
DA:130,115
DA:132,138
DA:133,138
DA:136,253
DA:140,253
DA:141,253
DA:143,253
DA:147,23
DA:148,23
DA:149,23
DA:150,23
DA:151,23
DA:152,23
DA:153,23
DA:154,23
DA:155,23
DA:156,23
DA:157,23
DA:161,23
DA:162,23
DA:163,23
DA:164,23
DA:165,23
DA:166,23
DA:167,23
DA:168,23
DA:169,23
DA:170,23
DA:171,23
DA:175,7
DA:176,7
DA:178,7
DA:179,7
DA:181,7
DA:182,7
DA:184,7
DA:185,7
DA:187,7
DA:188,7
DA:189,7
DA:191,7
DA:192,4
DA:195,7
DA:197,7
DA:198,1
DA:203,13
DA:204,13
DA:207,0
DA:208,0
DA:209,0
DA:210,0
DA:212,0
DA:214,0
DA:218,6
DA:220,6
DA:222,6
DA:223,2
DA:226,6
DA:227,4
DA:232,5
DA:234,5
DA:235,5
DA:239,3
DA:240,3
DA:242,3
DA:243,1
DA:246,3
DA:250,6
DA:252,6
DA:253,4
DA:255,4
DA:256,1
DA:260,6
DA:261,2
DA:263,2
DA:264,1
DA:268,6
DA:269,6
DA:273,3
DA:275,3
DA:276,1
DA:279,3
DA:280,1
DA:283,3
DA:285,3
DA:286,3
DA:290,4
DA:292,4
DA:293,2
DA:296,4
DA:297,1
DA:300,4
DA:301,4
DA:305,4
DA:307,4
DA:308,1
DA:311,4
DA:312,1
DA:315,4
DA:316,4
DA:320,1
DA:324,3
DA:326,3
DA:327,3
DA:329,3
DA:330,3
DA:331,3
DA:332,1
DA:334,2
DA:339,2
DA:341,2
DA:342,2
DA:346,2
DA:348,2
DA:349,1
DA:352,2
DA:356,1
DA:360,1
DA:364,23
DA:365,23
DA:366,23
DA:367,23
DA:368,23
DA:369,23
DA:370,23
DA:371,23
DA:372,23
DA:373,23
DA:374,23
DA:378,1
LF:175
LH:169
BRDA:122,0,0,115
BRDA:122,0,1,138
BRDA:128,1,0,115
BRDA:128,1,1,138
BRDA:176,2,0,3
BRDA:176,2,1,4
BRDA:185,3,0,3
BRDA:185,3,1,4
BRDA:191,4,0,4
BRDA:191,4,1,3
BRDA:197,5,0,1
BRDA:197,5,1,6
BRDA:203,6,0,13
BRDA:203,6,1,0
BRDA:222,7,0,2
BRDA:222,7,1,4
BRDA:222,8,0,3
BRDA:222,8,1,3
BRDA:222,9,0,6
BRDA:222,9,1,3
BRDA:226,10,0,4
BRDA:226,10,1,2
BRDA:226,11,0,3
BRDA:226,11,1,3
BRDA:226,12,0,6
BRDA:226,12,1,3
BRDA:242,13,0,1
BRDA:242,13,1,2
BRDA:246,14,0,0
BRDA:246,14,1,3
BRDA:246,15,0,3
BRDA:246,15,1,3
BRDA:252,16,0,4
BRDA:252,16,1,2
BRDA:252,17,0,1
BRDA:252,17,1,5
BRDA:252,18,0,6
BRDA:252,18,1,5
BRDA:255,19,0,1
BRDA:255,19,1,3
BRDA:260,20,0,2
BRDA:260,20,1,4
BRDA:260,21,0,1
BRDA:260,21,1,5
BRDA:260,22,0,6
BRDA:260,22,1,5
BRDA:263,23,0,1
BRDA:263,23,1,1
BRDA:268,24,0,1
BRDA:268,24,1,5
BRDA:268,25,0,6
BRDA:268,25,1,5
BRDA:275,26,0,1
BRDA:275,26,1,2
BRDA:279,27,0,1
BRDA:279,27,1,2
BRDA:283,28,0,2
BRDA:283,28,1,1
BRDA:283,29,0,3
BRDA:283,29,1,1
BRDA:292,30,0,2
BRDA:292,30,1,2
BRDA:296,31,0,1
BRDA:296,31,1,3
BRDA:300,32,0,2
BRDA:300,32,1,2
BRDA:300,33,0,4
BRDA:300,33,1,2
BRDA:307,34,0,1
BRDA:307,34,1,3
BRDA:311,35,0,1
BRDA:311,35,1,3
BRDA:315,36,0,2
BRDA:315,36,1,2
BRDA:315,37,0,4
BRDA:315,37,1,2
BRDA:320,38,0,0
BRDA:320,38,1,1
BRDA:320,39,0,1
BRDA:320,39,1,1
BRDA:324,40,0,0
BRDA:324,40,1,3
BRDA:324,41,0,3
BRDA:324,41,1,3
BRDA:331,42,0,1
BRDA:331,42,1,2
BRDA:339,43,0,0
BRDA:339,43,1,2
BRDA:339,44,0,2
BRDA:339,44,1,2
BRDA:348,45,0,1
BRDA:348,45,1,1
BRDA:352,46,0,0
BRDA:352,46,1,2
BRDA:352,47,0,2
BRDA:352,47,1,2
BRDA:356,48,0,0
BRDA:356,48,1,1
BRDA:356,49,0,1
BRDA:356,49,1,1
BRDA:360,50,0,0
BRDA:360,50,1,1
BRDA:360,51,0,1
BRDA:360,51,1,1
BRF:104
BRH:96
end_of_record
