TN:
SF:src\view\helpers\createElement.ts
FN:1,createElement
FNF:1
FNH:1
FNDA:6147,createElement
DA:1,1
DA:2,6147
DA:3,6147
DA:4,6147
DA:7,6147
LF:5
LH:5
BRDA:3,0,0,6147
BRDA:3,0,1,0
BRF:2
BRH:1
end_of_record
TN:
SF:src\view\subviews\scale\scale.ts
FN:14,(anonymous_0)
FN:30,(anonymous_1)
FN:34,(anonymous_2)
FN:41,(anonymous_3)
FN:42,(anonymous_4)
FN:60,(anonymous_5)
FN:81,(anonymous_6)
FN:84,(anonymous_7)
FN:93,(anonymous_8)
FN:96,(anonymous_9)
FN:105,(anonymous_10)
FN:109,(anonymous_11)
FN:110,(anonymous_12)
FNF:13
FNH:13
FNDA:185,(anonymous_0)
FNDA:2,(anonymous_1)
FNDA:185,(anonymous_2)
FNDA:185,(anonymous_3)
FNDA:1351,(anonymous_4)
FNDA:185,(anonymous_5)
FNDA:1,(anonymous_6)
FNDA:3,(anonymous_7)
FNDA:1,(anonymous_8)
FNDA:3,(anonymous_9)
FNDA:5,(anonymous_10)
FNDA:185,(anonymous_11)
FNDA:1,(anonymous_12)
DA:1,1
DA:4,1
DA:15,185
DA:16,185
DA:17,185
DA:18,185
DA:19,185
DA:20,185
DA:21,185
DA:22,185
DA:24,185
DA:25,185
DA:26,185
DA:27,185
DA:31,2
DA:35,185
DA:36,1351
DA:37,1351
DA:42,185
DA:43,1351
DA:44,1351
DA:45,1322
DA:47,1351
DA:48,811
DA:50,1351
DA:51,516
DA:53,1351
DA:54,426
DA:56,1351
DA:61,185
DA:62,185
DA:63,185
DA:64,1166
DA:66,185
DA:68,185
DA:69,185
DA:70,185
DA:71,185
DA:73,185
DA:74,1351
DA:75,1351
DA:76,1351
DA:77,1351
DA:82,1
DA:84,1
DA:85,3
DA:86,3
DA:90,1
DA:94,1
DA:96,1
DA:97,3
DA:98,3
DA:102,1
DA:106,5
DA:110,185
DA:111,1
DA:112,1
DA:113,1
LF:58
LH:58
BRDA:14,0,0,1
BRDA:44,1,0,1322
BRDA:44,1,1,29
BRDA:47,2,0,811
BRDA:47,2,1,540
BRDA:50,3,0,516
BRDA:50,3,1,835
BRDA:53,4,0,426
BRDA:53,4,1,925
BRDA:85,5,0,3
BRDA:85,5,1,0
BRDA:97,6,0,3
BRDA:97,6,1,0
BRDA:113,7,0,0
BRDA:113,7,1,1
BRDA:113,8,0,1
BRDA:113,8,1,1
BRF:17
BRH:14
end_of_record
